<?xml version="1.0" encoding="UTF-8"?>
<robot generator="Robot 4.1.2 (Python 3.8.2 on win32)" generated="20220529 22:22:19.911" rpa="false" schemaversion="2">
<suite id="s1" name="Boundary Tests &amp; Decision Tests &amp; End User Tests &amp; State Transition Tests">
<suite id="s1-s1" name="Boundary Tests" source="C:\Users\Lenovo IP320\Desktop\faks\FINKI 7 semestar --\тп\test\robot_tests\boundary_tests.robot">
<test id="s1-s1-t1" name="CartQuantityBoundaryTest">
<kw name="CreateDriver">
<kw name="Create Webdriver" library="SeleniumLibrary">
<arg>${browser}</arg>
<arg>executable_path=chromedriver.exe</arg>
<doc>Creates an instance of Selenium WebDriver.</doc>
<msg timestamp="20220529 22:22:20.390" level="INFO">Creating an instance of the Chrome WebDriver.</msg>
<status status="PASS" starttime="20220529 22:22:20.389" endtime="20220529 22:22:22.054"/>
</kw>
<status status="PASS" starttime="20220529 22:22:20.389" endtime="20220529 22:22:22.055"/>
</kw>
<kw name="OpenApp">
<kw name="Open Browser" library="SeleniumLibrary">
<arg>${url}</arg>
<arg>${browser}</arg>
<doc>Opens a new browser instance to the optional ``url``.</doc>
<msg timestamp="20220529 22:22:22.058" level="INFO">Opening browser 'Chrome' to base url 'http://127.0.0.1:8000/'.</msg>
<status status="PASS" starttime="20220529 22:22:22.057" endtime="20220529 22:22:25.578"/>
</kw>
<status status="PASS" starttime="20220529 22:22:22.056" endtime="20220529 22:22:25.578"/>
</kw>
<kw name="AddBookToCart">
<kw name="Click Element" library="SeleniumLibrary">
<arg>id:addTocart</arg>
<doc>Click the element identified by ``locator``.</doc>
<msg timestamp="20220529 22:22:25.616" level="INFO">Clicking element 'id:addTocart'.</msg>
<status status="PASS" starttime="20220529 22:22:25.609" endtime="20220529 22:22:26.203"/>
</kw>
<status status="PASS" starttime="20220529 22:22:25.608" endtime="20220529 22:22:26.203"/>
</kw>
<kw name="OpenShoppingCart">
<kw name="Click Element" library="SeleniumLibrary">
<arg>id:shoppingCart</arg>
<doc>Click the element identified by ``locator``.</doc>
<msg timestamp="20220529 22:22:26.205" level="INFO">Clicking element 'id:shoppingCart'.</msg>
<status status="PASS" starttime="20220529 22:22:26.204" endtime="20220529 22:22:26.594"/>
</kw>
<status status="PASS" starttime="20220529 22:22:26.203" endtime="20220529 22:22:26.595"/>
</kw>
<kw name="ClickMinus">
<kw name="Click Button" library="SeleniumLibrary">
<arg>css:body &gt; div.container-fluid &gt; div &gt; div &gt; div &gt; div &gt; div &gt; table &gt; tbody &gt; tr &gt; td.cart_quantity &gt; div &gt; span.input-group-btn.input-group-prepend &gt; button</arg>
<doc>Clicks the button identified by ``locator``.</doc>
<msg timestamp="20220529 22:22:26.597" level="INFO">Clicking button 'css:body &gt; div.container-fluid &gt; div &gt; div &gt; div &gt; div &gt; div &gt; table &gt; tbody &gt; tr &gt; td.cart_quantity &gt; div &gt; span.input-group-btn.input-group-prepend &gt; button'.</msg>
<status status="PASS" starttime="20220529 22:22:26.596" endtime="20220529 22:22:27.162"/>
</kw>
<status status="PASS" starttime="20220529 22:22:26.595" endtime="20220529 22:22:27.162"/>
</kw>
<kw name="GetBookQuantityInCart">
<var>${qty}</var>
<kw name="Get Element Attribute" library="SeleniumLibrary">
<var>${qty}</var>
<arg>name:qty</arg>
<arg>value</arg>
<doc>Returns the value of ``attribute`` from the element ``locator``.</doc>
<msg timestamp="20220529 22:22:27.211" level="INFO">${qty} = 1</msg>
<status status="PASS" starttime="20220529 22:22:27.163" endtime="20220529 22:22:27.211"/>
</kw>
<msg timestamp="20220529 22:22:27.212" level="INFO">${qty} = 1</msg>
<status status="PASS" starttime="20220529 22:22:27.163" endtime="20220529 22:22:27.212"/>
</kw>
<kw name="Should Be Equal" library="BuiltIn">
<arg>${qty}</arg>
<arg>1</arg>
<doc>Fails if the given objects are unequal.</doc>
<status status="PASS" starttime="20220529 22:22:27.212" endtime="20220529 22:22:27.213"/>
</kw>
<kw name="Close All Browsers" library="SeleniumLibrary">
<doc>Closes all open browsers and resets the browser cache.</doc>
<status status="PASS" starttime="20220529 22:22:27.213" endtime="20220529 22:22:31.635"/>
</kw>
<doc>Check how the app behaves when user tries to decrease the amount of books in cart when there is only one book in the cart</doc>
<tag>boundary</tag>
<tag>tamara</tag>
<tag>team-project</tag>
<status status="PASS" starttime="20220529 22:22:20.388" endtime="20220529 22:22:31.636"/>
</test>
<status status="PASS" starttime="20220529 22:22:19.960" endtime="20220529 22:22:31.641"/>
</suite>
<suite id="s1-s2" name="Decision Tests" source="C:\Users\Lenovo IP320\Desktop\faks\FINKI 7 semestar --\тп\test\robot_tests\decision_tests.robot">
<test id="s1-s2-t1" name="ProceedCheckoutTest When UserNotLogged And CartEmpty">
<kw name="CreateDriver">
<kw name="Create Webdriver" library="SeleniumLibrary">
<arg>${browser}</arg>
<arg>executable_path=chromedriver.exe</arg>
<doc>Creates an instance of Selenium WebDriver.</doc>
<msg timestamp="20220529 22:22:31.656" level="INFO">Creating an instance of the Chrome WebDriver.</msg>
<status status="PASS" starttime="20220529 22:22:31.656" endtime="20220529 22:22:32.997"/>
</kw>
<status status="PASS" starttime="20220529 22:22:31.655" endtime="20220529 22:22:32.997"/>
</kw>
<kw name="OpenApp">
<kw name="Open Browser" library="SeleniumLibrary">
<arg>${url}</arg>
<arg>${browser}</arg>
<doc>Opens a new browser instance to the optional ``url``.</doc>
<msg timestamp="20220529 22:22:33.008" level="INFO">Opening browser 'Chrome' to base url 'http://127.0.0.1:8000/'.</msg>
<status status="PASS" starttime="20220529 22:22:33.007" endtime="20220529 22:22:35.856"/>
</kw>
<status status="PASS" starttime="20220529 22:22:33.006" endtime="20220529 22:22:35.856"/>
</kw>
<kw name="OpenShoppingCart">
<kw name="Click Element" library="SeleniumLibrary">
<arg>id:shoppingCart</arg>
<doc>Click the element identified by ``locator``.</doc>
<msg timestamp="20220529 22:22:35.859" level="INFO">Clicking element 'id:shoppingCart'.</msg>
<status status="PASS" starttime="20220529 22:22:35.859" endtime="20220529 22:22:36.609"/>
</kw>
<status status="PASS" starttime="20220529 22:22:35.858" endtime="20220529 22:22:36.610"/>
</kw>
<kw name="ProceedToCheckout">
<kw name="Click Element" library="SeleniumLibrary">
<arg>link:Proceed to Checkout</arg>
<doc>Click the element identified by ``locator``.</doc>
<msg timestamp="20220529 22:22:36.615" level="INFO">Clicking element 'link:Proceed to Checkout'.</msg>
<status status="PASS" starttime="20220529 22:22:36.614" endtime="20220529 22:22:37.457"/>
</kw>
<status status="PASS" starttime="20220529 22:22:36.613" endtime="20220529 22:22:37.457"/>
</kw>
<kw name="Get Location" library="SeleniumLibrary">
<var>${current-url}</var>
<doc>Returns the current browser window URL.</doc>
<msg timestamp="20220529 22:22:37.468" level="INFO">${current-url} = http://127.0.0.1:8000/login</msg>
<status status="PASS" starttime="20220529 22:22:37.458" endtime="20220529 22:22:37.468"/>
</kw>
<kw name="Should Be Equal" library="BuiltIn">
<arg>${login-url}</arg>
<arg>${current-url}</arg>
<doc>Fails if the given objects are unequal.</doc>
<status status="PASS" starttime="20220529 22:22:37.469" endtime="20220529 22:22:37.470"/>
</kw>
<kw name="Close All Browsers" library="SeleniumLibrary">
<doc>Closes all open browsers and resets the browser cache.</doc>
<status status="PASS" starttime="20220529 22:22:37.470" endtime="20220529 22:22:41.823"/>
</kw>
<doc>Check if user is redirected to login page</doc>
<tag>decision</tag>
<tag>tamara</tag>
<tag>team-project</tag>
<status status="PASS" starttime="20220529 22:22:31.654" endtime="20220529 22:22:41.824"/>
</test>
<test id="s1-s2-t2" name="ProceedCheckoutTest When UserNotLogged And CartNotEmpty">
<kw name="CreateDriver">
<kw name="Create Webdriver" library="SeleniumLibrary">
<arg>${browser}</arg>
<arg>executable_path=chromedriver.exe</arg>
<doc>Creates an instance of Selenium WebDriver.</doc>
<msg timestamp="20220529 22:22:41.827" level="INFO">Creating an instance of the Chrome WebDriver.</msg>
<status status="PASS" starttime="20220529 22:22:41.827" endtime="20220529 22:22:43.202"/>
</kw>
<status status="PASS" starttime="20220529 22:22:41.826" endtime="20220529 22:22:43.203"/>
</kw>
<kw name="OpenApp">
<kw name="Open Browser" library="SeleniumLibrary">
<arg>${url}</arg>
<arg>${browser}</arg>
<doc>Opens a new browser instance to the optional ``url``.</doc>
<msg timestamp="20220529 22:22:43.219" level="INFO">Opening browser 'Chrome' to base url 'http://127.0.0.1:8000/'.</msg>
<status status="PASS" starttime="20220529 22:22:43.218" endtime="20220529 22:22:45.549"/>
</kw>
<status status="PASS" starttime="20220529 22:22:43.218" endtime="20220529 22:22:45.549"/>
</kw>
<kw name="AddBookToCart">
<kw name="Click Element" library="SeleniumLibrary">
<arg>id:addTocart</arg>
<doc>Click the element identified by ``locator``.</doc>
<msg timestamp="20220529 22:22:45.551" level="INFO">Clicking element 'id:addTocart'.</msg>
<status status="PASS" starttime="20220529 22:22:45.551" endtime="20220529 22:22:46.143"/>
</kw>
<status status="PASS" starttime="20220529 22:22:45.550" endtime="20220529 22:22:46.144"/>
</kw>
<kw name="OpenShoppingCart">
<kw name="Click Element" library="SeleniumLibrary">
<arg>id:shoppingCart</arg>
<doc>Click the element identified by ``locator``.</doc>
<msg timestamp="20220529 22:22:46.146" level="INFO">Clicking element 'id:shoppingCart'.</msg>
<status status="PASS" starttime="20220529 22:22:46.145" endtime="20220529 22:22:46.453"/>
</kw>
<status status="PASS" starttime="20220529 22:22:46.144" endtime="20220529 22:22:46.453"/>
</kw>
<kw name="ProceedToCheckout">
<kw name="Click Element" library="SeleniumLibrary">
<arg>link:Proceed to Checkout</arg>
<doc>Click the element identified by ``locator``.</doc>
<msg timestamp="20220529 22:22:46.455" level="INFO">Clicking element 'link:Proceed to Checkout'.</msg>
<status status="PASS" starttime="20220529 22:22:46.455" endtime="20220529 22:22:47.271"/>
</kw>
<status status="PASS" starttime="20220529 22:22:46.454" endtime="20220529 22:22:47.272"/>
</kw>
<kw name="Get Location" library="SeleniumLibrary">
<var>${current-url}</var>
<doc>Returns the current browser window URL.</doc>
<msg timestamp="20220529 22:22:47.283" level="INFO">${current-url} = http://127.0.0.1:8000/login</msg>
<status status="PASS" starttime="20220529 22:22:47.275" endtime="20220529 22:22:47.284"/>
</kw>
<kw name="Should Be Equal" library="BuiltIn">
<arg>${login-url}</arg>
<arg>${current-url}</arg>
<doc>Fails if the given objects are unequal.</doc>
<status status="PASS" starttime="20220529 22:22:47.284" endtime="20220529 22:22:47.285"/>
</kw>
<kw name="Close All Browsers" library="SeleniumLibrary">
<doc>Closes all open browsers and resets the browser cache.</doc>
<status status="PASS" starttime="20220529 22:22:47.285" endtime="20220529 22:22:51.801"/>
</kw>
<doc>Check if user is redirected to login page</doc>
<tag>decision</tag>
<tag>tamara</tag>
<tag>team-project</tag>
<status status="PASS" starttime="20220529 22:22:41.825" endtime="20220529 22:22:51.802"/>
</test>
<test id="s1-s2-t3" name="ProceedCheckoutTest When UserLogged And CartEmpty">
<kw name="CreateDriver">
<kw name="Create Webdriver" library="SeleniumLibrary">
<arg>${browser}</arg>
<arg>executable_path=chromedriver.exe</arg>
<doc>Creates an instance of Selenium WebDriver.</doc>
<msg timestamp="20220529 22:22:51.817" level="INFO">Creating an instance of the Chrome WebDriver.</msg>
<status status="PASS" starttime="20220529 22:22:51.816" endtime="20220529 22:22:53.122"/>
</kw>
<status status="PASS" starttime="20220529 22:22:51.814" endtime="20220529 22:22:53.122"/>
</kw>
<kw name="RegisterUser">
<kw name="Open Browser" library="SeleniumLibrary">
<arg>${register-url}</arg>
<arg>${browser}</arg>
<doc>Opens a new browser instance to the optional ``url``.</doc>
<msg timestamp="20220529 22:22:53.124" level="INFO">Opening browser 'Chrome' to base url 'http://127.0.0.1:8000/registration'.</msg>
<status status="PASS" starttime="20220529 22:22:53.124" endtime="20220529 22:22:55.069"/>
</kw>
<kw name="Input Text" library="SeleniumLibrary">
<arg>id:id_name</arg>
<arg>${name}</arg>
<doc>Types the given ``text`` into the text field identified by ``locator``.</doc>
<msg timestamp="20220529 22:22:55.070" level="INFO">Typing text 'tamara' into text field 'id:id_name'.</msg>
<status status="PASS" starttime="20220529 22:22:55.070" endtime="20220529 22:22:55.229"/>
</kw>
<kw name="Input Text" library="SeleniumLibrary">
<arg>id:id_email</arg>
<arg>${email}</arg>
<doc>Types the given ``text`` into the text field identified by ``locator``.</doc>
<msg timestamp="20220529 22:22:55.230" level="INFO">Typing text 'tamara@finki.mk' into text field 'id:id_email'.</msg>
<status status="PASS" starttime="20220529 22:22:55.230" endtime="20220529 22:22:55.360"/>
</kw>
<kw name="Input Text" library="SeleniumLibrary">
<arg>id:id_username</arg>
<arg>${username}</arg>
<doc>Types the given ``text`` into the text field identified by ``locator``.</doc>
<msg timestamp="20220529 22:22:55.361" level="INFO">Typing text 'taamarastanikevska' into text field 'id:id_username'.</msg>
<status status="PASS" starttime="20220529 22:22:55.360" endtime="20220529 22:22:55.512"/>
</kw>
<kw name="Input Text" library="SeleniumLibrary">
<arg>id:id_password1</arg>
<arg>${password}</arg>
<doc>Types the given ``text`` into the text field identified by ``locator``.</doc>
<msg timestamp="20220529 22:22:55.513" level="INFO">Typing text 'robot2022' into text field 'id:id_password1'.</msg>
<status status="PASS" starttime="20220529 22:22:55.513" endtime="20220529 22:22:55.692"/>
</kw>
<kw name="Input Text" library="SeleniumLibrary">
<arg>id:id_password2</arg>
<arg>${password}</arg>
<doc>Types the given ``text`` into the text field identified by ``locator``.</doc>
<msg timestamp="20220529 22:22:55.693" level="INFO">Typing text 'robot2022' into text field 'id:id_password2'.</msg>
<status status="PASS" starttime="20220529 22:22:55.692" endtime="20220529 22:22:55.801"/>
</kw>
<kw name="Submit Form" library="SeleniumLibrary">
<arg>id:registerForm</arg>
<doc>Submits a form identified by ``locator``.</doc>
<msg timestamp="20220529 22:22:55.802" level="INFO">Submitting form 'id:registerForm'.</msg>
<status status="PASS" starttime="20220529 22:22:55.801" endtime="20220529 22:22:56.000"/>
</kw>
<status status="PASS" starttime="20220529 22:22:53.123" endtime="20220529 22:22:56.002"/>
</kw>
<kw name="LogInUser">
<kw name="Open Browser" library="SeleniumLibrary">
<arg>${login-url}</arg>
<arg>${browser}</arg>
<doc>Opens a new browser instance to the optional ``url``.</doc>
<msg timestamp="20220529 22:22:56.004" level="INFO">Opening browser 'Chrome' to base url 'http://127.0.0.1:8000/login'.</msg>
<status status="PASS" starttime="20220529 22:22:56.003" endtime="20220529 22:22:57.980"/>
</kw>
<kw name="Input Text" library="SeleniumLibrary">
<arg>id:id_username</arg>
<arg>${username}</arg>
<doc>Types the given ``text`` into the text field identified by ``locator``.</doc>
<msg timestamp="20220529 22:22:57.982" level="INFO">Typing text 'taamarastanikevska' into text field 'id:id_username'.</msg>
<status status="PASS" starttime="20220529 22:22:57.981" endtime="20220529 22:22:58.128"/>
</kw>
<kw name="Input Text" library="SeleniumLibrary">
<arg>id:id_password</arg>
<arg>${password}</arg>
<doc>Types the given ``text`` into the text field identified by ``locator``.</doc>
<msg timestamp="20220529 22:22:58.129" level="INFO">Typing text 'robot2022' into text field 'id:id_password'.</msg>
<status status="PASS" starttime="20220529 22:22:58.128" endtime="20220529 22:22:58.264"/>
</kw>
<kw name="Submit Form" library="SeleniumLibrary">
<arg>id:loginForm</arg>
<doc>Submits a form identified by ``locator``.</doc>
<msg timestamp="20220529 22:22:58.265" level="INFO">Submitting form 'id:loginForm'.</msg>
<status status="PASS" starttime="20220529 22:22:58.264" endtime="20220529 22:22:59.688"/>
</kw>
<status status="PASS" starttime="20220529 22:22:56.003" endtime="20220529 22:22:59.689"/>
</kw>
<kw name="OpenShoppingCart">
<kw name="Click Element" library="SeleniumLibrary">
<arg>id:shoppingCart</arg>
<doc>Click the element identified by ``locator``.</doc>
<msg timestamp="20220529 22:22:59.691" level="INFO">Clicking element 'id:shoppingCart'.</msg>
<status status="PASS" starttime="20220529 22:22:59.691" endtime="20220529 22:23:00.474"/>
</kw>
<status status="PASS" starttime="20220529 22:22:59.690" endtime="20220529 22:23:00.474"/>
</kw>
<kw name="ProceedToCheckout">
<kw name="Click Element" library="SeleniumLibrary">
<arg>link:Proceed to Checkout</arg>
<doc>Click the element identified by ``locator``.</doc>
<msg timestamp="20220529 22:23:00.485" level="INFO">Clicking element 'link:Proceed to Checkout'.</msg>
<status status="PASS" starttime="20220529 22:23:00.484" endtime="20220529 22:23:01.364"/>
</kw>
<status status="PASS" starttime="20220529 22:23:00.484" endtime="20220529 22:23:01.365"/>
</kw>
<kw name="Get Location" library="SeleniumLibrary">
<var>${current-url}</var>
<doc>Returns the current browser window URL.</doc>
<msg timestamp="20220529 22:23:01.398" level="INFO">${current-url} = http://127.0.0.1:8000/books</msg>
<status status="PASS" starttime="20220529 22:23:01.383" endtime="20220529 22:23:01.398"/>
</kw>
<kw name="Should Be Equal" library="BuiltIn">
<arg>${books-url}</arg>
<arg>${current-url}</arg>
<doc>Fails if the given objects are unequal.</doc>
<status status="PASS" starttime="20220529 22:23:01.418" endtime="20220529 22:23:01.419"/>
</kw>
<kw name="Close All Browsers" library="SeleniumLibrary">
<doc>Closes all open browsers and resets the browser cache.</doc>
<status status="PASS" starttime="20220529 22:23:01.422" endtime="20220529 22:23:09.353"/>
</kw>
<doc>Check if user is redirected to books page</doc>
<tag>decision</tag>
<tag>tamara</tag>
<tag>team-project</tag>
<status status="PASS" starttime="20220529 22:22:51.811" endtime="20220529 22:23:09.355"/>
</test>
<test id="s1-s2-t4" name="ProceedCheckoutTest When UserLogged And CartNotEmpty">
<kw name="CreateDriver">
<kw name="Create Webdriver" library="SeleniumLibrary">
<arg>${browser}</arg>
<arg>executable_path=chromedriver.exe</arg>
<doc>Creates an instance of Selenium WebDriver.</doc>
<msg timestamp="20220529 22:23:09.369" level="INFO">Creating an instance of the Chrome WebDriver.</msg>
<status status="PASS" starttime="20220529 22:23:09.368" endtime="20220529 22:23:10.756"/>
</kw>
<status status="PASS" starttime="20220529 22:23:09.367" endtime="20220529 22:23:10.756"/>
</kw>
<kw name="RegisterUser">
<kw name="Open Browser" library="SeleniumLibrary">
<arg>${register-url}</arg>
<arg>${browser}</arg>
<doc>Opens a new browser instance to the optional ``url``.</doc>
<msg timestamp="20220529 22:23:10.759" level="INFO">Opening browser 'Chrome' to base url 'http://127.0.0.1:8000/registration'.</msg>
<status status="PASS" starttime="20220529 22:23:10.758" endtime="20220529 22:23:12.694"/>
</kw>
<kw name="Input Text" library="SeleniumLibrary">
<arg>id:id_name</arg>
<arg>${name}</arg>
<doc>Types the given ``text`` into the text field identified by ``locator``.</doc>
<msg timestamp="20220529 22:23:12.695" level="INFO">Typing text 'tamara' into text field 'id:id_name'.</msg>
<status status="PASS" starttime="20220529 22:23:12.694" endtime="20220529 22:23:12.834"/>
</kw>
<kw name="Input Text" library="SeleniumLibrary">
<arg>id:id_email</arg>
<arg>${email}</arg>
<doc>Types the given ``text`` into the text field identified by ``locator``.</doc>
<msg timestamp="20220529 22:23:12.835" level="INFO">Typing text 'tamara@finki.mk' into text field 'id:id_email'.</msg>
<status status="PASS" starttime="20220529 22:23:12.835" endtime="20220529 22:23:12.994"/>
</kw>
<kw name="Input Text" library="SeleniumLibrary">
<arg>id:id_username</arg>
<arg>${username}</arg>
<doc>Types the given ``text`` into the text field identified by ``locator``.</doc>
<msg timestamp="20220529 22:23:12.995" level="INFO">Typing text 'taamarastanikevska' into text field 'id:id_username'.</msg>
<status status="PASS" starttime="20220529 22:23:12.994" endtime="20220529 22:23:13.198"/>
</kw>
<kw name="Input Text" library="SeleniumLibrary">
<arg>id:id_password1</arg>
<arg>${password}</arg>
<doc>Types the given ``text`` into the text field identified by ``locator``.</doc>
<msg timestamp="20220529 22:23:13.199" level="INFO">Typing text 'robot2022' into text field 'id:id_password1'.</msg>
<status status="PASS" starttime="20220529 22:23:13.198" endtime="20220529 22:23:13.340"/>
</kw>
<kw name="Input Text" library="SeleniumLibrary">
<arg>id:id_password2</arg>
<arg>${password}</arg>
<doc>Types the given ``text`` into the text field identified by ``locator``.</doc>
<msg timestamp="20220529 22:23:13.341" level="INFO">Typing text 'robot2022' into text field 'id:id_password2'.</msg>
<status status="PASS" starttime="20220529 22:23:13.340" endtime="20220529 22:23:13.450"/>
</kw>
<kw name="Submit Form" library="SeleniumLibrary">
<arg>id:registerForm</arg>
<doc>Submits a form identified by ``locator``.</doc>
<msg timestamp="20220529 22:23:13.450" level="INFO">Submitting form 'id:registerForm'.</msg>
<status status="PASS" starttime="20220529 22:23:13.450" endtime="20220529 22:23:13.638"/>
</kw>
<status status="PASS" starttime="20220529 22:23:10.757" endtime="20220529 22:23:13.638"/>
</kw>
<kw name="LogInUser">
<kw name="Open Browser" library="SeleniumLibrary">
<arg>${login-url}</arg>
<arg>${browser}</arg>
<doc>Opens a new browser instance to the optional ``url``.</doc>
<msg timestamp="20220529 22:23:13.640" level="INFO">Opening browser 'Chrome' to base url 'http://127.0.0.1:8000/login'.</msg>
<status status="PASS" starttime="20220529 22:23:13.640" endtime="20220529 22:23:15.627"/>
</kw>
<kw name="Input Text" library="SeleniumLibrary">
<arg>id:id_username</arg>
<arg>${username}</arg>
<doc>Types the given ``text`` into the text field identified by ``locator``.</doc>
<msg timestamp="20220529 22:23:15.628" level="INFO">Typing text 'taamarastanikevska' into text field 'id:id_username'.</msg>
<status status="PASS" starttime="20220529 22:23:15.627" endtime="20220529 22:23:15.809"/>
</kw>
<kw name="Input Text" library="SeleniumLibrary">
<arg>id:id_password</arg>
<arg>${password}</arg>
<doc>Types the given ``text`` into the text field identified by ``locator``.</doc>
<msg timestamp="20220529 22:23:15.810" level="INFO">Typing text 'robot2022' into text field 'id:id_password'.</msg>
<status status="PASS" starttime="20220529 22:23:15.809" endtime="20220529 22:23:15.942"/>
</kw>
<kw name="Submit Form" library="SeleniumLibrary">
<arg>id:loginForm</arg>
<doc>Submits a form identified by ``locator``.</doc>
<msg timestamp="20220529 22:23:15.943" level="INFO">Submitting form 'id:loginForm'.</msg>
<status status="PASS" starttime="20220529 22:23:15.942" endtime="20220529 22:23:17.404"/>
</kw>
<status status="PASS" starttime="20220529 22:23:13.639" endtime="20220529 22:23:17.404"/>
</kw>
<kw name="AddBookToCart">
<kw name="Click Element" library="SeleniumLibrary">
<arg>id:addTocart</arg>
<doc>Click the element identified by ``locator``.</doc>
<msg timestamp="20220529 22:23:17.409" level="INFO">Clicking element 'id:addTocart'.</msg>
<status status="PASS" starttime="20220529 22:23:17.407" endtime="20220529 22:23:17.998"/>
</kw>
<status status="PASS" starttime="20220529 22:23:17.406" endtime="20220529 22:23:17.999"/>
</kw>
<kw name="OpenShoppingCart">
<kw name="Click Element" library="SeleniumLibrary">
<arg>id:shoppingCart</arg>
<doc>Click the element identified by ``locator``.</doc>
<msg timestamp="20220529 22:23:18.000" level="INFO">Clicking element 'id:shoppingCart'.</msg>
<status status="PASS" starttime="20220529 22:23:18.000" endtime="20220529 22:23:18.278"/>
</kw>
<status status="PASS" starttime="20220529 22:23:17.999" endtime="20220529 22:23:18.279"/>
</kw>
<kw name="ProceedToCheckout">
<kw name="Click Element" library="SeleniumLibrary">
<arg>link:Proceed to Checkout</arg>
<doc>Click the element identified by ``locator``.</doc>
<msg timestamp="20220529 22:23:18.283" level="INFO">Clicking element 'link:Proceed to Checkout'.</msg>
<status status="PASS" starttime="20220529 22:23:18.282" endtime="20220529 22:23:19.341"/>
</kw>
<status status="PASS" starttime="20220529 22:23:18.281" endtime="20220529 22:23:19.342"/>
</kw>
<kw name="Get Location" library="SeleniumLibrary">
<var>${current-url}</var>
<doc>Returns the current browser window URL.</doc>
<msg timestamp="20220529 22:23:19.362" level="INFO">${current-url} = http://127.0.0.1:8000/order/shipping/</msg>
<status status="PASS" starttime="20220529 22:23:19.355" endtime="20220529 22:23:19.362"/>
</kw>
<kw name="Should Be Equal" library="BuiltIn">
<arg>${order-url}</arg>
<arg>${current-url}</arg>
<doc>Fails if the given objects are unequal.</doc>
<status status="PASS" starttime="20220529 22:23:19.368" endtime="20220529 22:23:19.368"/>
</kw>
<kw name="Close All Browsers" library="SeleniumLibrary">
<doc>Closes all open browsers and resets the browser cache.</doc>
<status status="PASS" starttime="20220529 22:23:19.369" endtime="20220529 22:23:26.223"/>
</kw>
<doc>Check if user is redirected to order page</doc>
<tag>decision</tag>
<tag>tamara</tag>
<tag>team-project</tag>
<status status="PASS" starttime="20220529 22:23:09.363" endtime="20220529 22:23:26.225"/>
</test>
<status status="PASS" starttime="20220529 22:22:31.645" endtime="20220529 22:23:26.231"/>
</suite>
<suite id="s1-s3" name="End User Tests" source="C:\Users\Lenovo IP320\Desktop\faks\FINKI 7 semestar --\тп\test\robot_tests\end_user_tests.robot">
<test id="s1-s3-t1" name="HomePageShouldContainCartButtonTest">
<kw name="CreateDriver">
<kw name="Create Webdriver" library="SeleniumLibrary">
<arg>${browser}</arg>
<arg>executable_path=chromedriver.exe</arg>
<doc>Creates an instance of Selenium WebDriver.</doc>
<msg timestamp="20220529 22:23:26.273" level="INFO">Creating an instance of the Chrome WebDriver.</msg>
<status status="PASS" starttime="20220529 22:23:26.273" endtime="20220529 22:23:27.499"/>
</kw>
<status status="PASS" starttime="20220529 22:23:26.273" endtime="20220529 22:23:27.500"/>
</kw>
<kw name="OpenApp">
<kw name="Open Browser" library="SeleniumLibrary">
<arg>${url}</arg>
<arg>${browser}</arg>
<doc>Opens a new browser instance to the optional ``url``.</doc>
<msg timestamp="20220529 22:23:27.503" level="INFO">Opening browser 'Chrome' to base url 'http://127.0.0.1:8000/'.</msg>
<status status="PASS" starttime="20220529 22:23:27.502" endtime="20220529 22:23:29.659"/>
</kw>
<status status="PASS" starttime="20220529 22:23:27.501" endtime="20220529 22:23:29.659"/>
</kw>
<kw name="HasCartButton">
<kw name="Page Should Contain Element" library="SeleniumLibrary">
<arg>id:shoppingCart</arg>
<doc>Verifies that element ``locator`` is found on the current page.</doc>
<msg timestamp="20220529 22:23:29.679" level="INFO">Current page contains element 'id:shoppingCart'.</msg>
<status status="PASS" starttime="20220529 22:23:29.661" endtime="20220529 22:23:29.679"/>
</kw>
<status status="PASS" starttime="20220529 22:23:29.660" endtime="20220529 22:23:29.679"/>
</kw>
<kw name="Close All Browsers" library="SeleniumLibrary">
<doc>Closes all open browsers and resets the browser cache.</doc>
<status status="PASS" starttime="20220529 22:23:29.680" endtime="20220529 22:23:34.364"/>
</kw>
<doc>Check if the HomePage has cart button</doc>
<tag>end-user</tag>
<tag>tamara</tag>
<tag>team-project</tag>
<status status="PASS" starttime="20220529 22:23:26.272" endtime="20220529 22:23:34.367"/>
</test>
<test id="s1-s3-t2" name="AddToCartFromHomePageTest">
<kw name="CreateDriver">
<kw name="Create Webdriver" library="SeleniumLibrary">
<arg>${browser}</arg>
<arg>executable_path=chromedriver.exe</arg>
<doc>Creates an instance of Selenium WebDriver.</doc>
<msg timestamp="20220529 22:23:34.378" level="INFO">Creating an instance of the Chrome WebDriver.</msg>
<status status="PASS" starttime="20220529 22:23:34.377" endtime="20220529 22:23:35.638"/>
</kw>
<status status="PASS" starttime="20220529 22:23:34.376" endtime="20220529 22:23:35.639"/>
</kw>
<kw name="OpenApp">
<kw name="Open Browser" library="SeleniumLibrary">
<arg>${url}</arg>
<arg>${browser}</arg>
<doc>Opens a new browser instance to the optional ``url``.</doc>
<msg timestamp="20220529 22:23:35.645" level="INFO">Opening browser 'Chrome' to base url 'http://127.0.0.1:8000/'.</msg>
<status status="PASS" starttime="20220529 22:23:35.644" endtime="20220529 22:23:37.643"/>
</kw>
<status status="PASS" starttime="20220529 22:23:35.643" endtime="20220529 22:23:37.643"/>
</kw>
<kw name="AddBookToCart">
<kw name="Click Element" library="SeleniumLibrary">
<arg>id:addTocart</arg>
<doc>Click the element identified by ``locator``.</doc>
<msg timestamp="20220529 22:23:37.645" level="INFO">Clicking element 'id:addTocart'.</msg>
<status status="PASS" starttime="20220529 22:23:37.645" endtime="20220529 22:23:38.284"/>
</kw>
<status status="PASS" starttime="20220529 22:23:37.644" endtime="20220529 22:23:38.284"/>
</kw>
<kw name="Wait">
<kw name="Sleep" library="BuiltIn">
<arg>1</arg>
<doc>Pauses the test executed for the given time.</doc>
<msg timestamp="20220529 22:23:39.289" level="INFO">Slept 1 second</msg>
<status status="PASS" starttime="20220529 22:23:38.285" endtime="20220529 22:23:39.289"/>
</kw>
<status status="PASS" starttime="20220529 22:23:38.285" endtime="20220529 22:23:39.290"/>
</kw>
<kw name="OpenShoppingCart">
<kw name="Click Element" library="SeleniumLibrary">
<arg>id:shoppingCart</arg>
<doc>Click the element identified by ``locator``.</doc>
<msg timestamp="20220529 22:23:39.292" level="INFO">Clicking element 'id:shoppingCart'.</msg>
<status status="PASS" starttime="20220529 22:23:39.291" endtime="20220529 22:23:39.480"/>
</kw>
<status status="PASS" starttime="20220529 22:23:39.291" endtime="20220529 22:23:39.480"/>
</kw>
<kw name="HasBookInCart">
<kw name="Page Should Contain Element" library="SeleniumLibrary">
<arg>id:22</arg>
<doc>Verifies that element ``locator`` is found on the current page.</doc>
<msg timestamp="20220529 22:23:39.497" level="INFO">Current page contains element 'id:22'.</msg>
<status status="PASS" starttime="20220529 22:23:39.482" endtime="20220529 22:23:39.497"/>
</kw>
<status status="PASS" starttime="20220529 22:23:39.481" endtime="20220529 22:23:39.498"/>
</kw>
<kw name="Close All Browsers" library="SeleniumLibrary">
<doc>Closes all open browsers and resets the browser cache.</doc>
<status status="PASS" starttime="20220529 22:23:39.498" endtime="20220529 22:23:43.943"/>
</kw>
<doc>Check if the user can successfully add book to cart from HomePage</doc>
<tag>end-user</tag>
<tag>tamara</tag>
<tag>team-project</tag>
<status status="PASS" starttime="20220529 22:23:34.373" endtime="20220529 22:23:43.944"/>
</test>
<test id="s1-s3-t3" name="AddToCartFromDetailsPageTest">
<kw name="CreateDriver">
<kw name="Create Webdriver" library="SeleniumLibrary">
<arg>${browser}</arg>
<arg>executable_path=chromedriver.exe</arg>
<doc>Creates an instance of Selenium WebDriver.</doc>
<msg timestamp="20220529 22:23:43.953" level="INFO">Creating an instance of the Chrome WebDriver.</msg>
<status status="PASS" starttime="20220529 22:23:43.952" endtime="20220529 22:23:45.205"/>
</kw>
<status status="PASS" starttime="20220529 22:23:43.951" endtime="20220529 22:23:45.206"/>
</kw>
<kw name="OpenApp">
<kw name="Open Browser" library="SeleniumLibrary">
<arg>${url}</arg>
<arg>${browser}</arg>
<doc>Opens a new browser instance to the optional ``url``.</doc>
<msg timestamp="20220529 22:23:45.209" level="INFO">Opening browser 'Chrome' to base url 'http://127.0.0.1:8000/'.</msg>
<status status="PASS" starttime="20220529 22:23:45.209" endtime="20220529 22:23:47.313"/>
</kw>
<status status="PASS" starttime="20220529 22:23:45.208" endtime="20220529 22:23:47.314"/>
</kw>
<kw name="OpenDetailsPageForBook">
<kw name="Click Element" library="SeleniumLibrary">
<arg>link:Long Walk to Freedom</arg>
<doc>Click the element identified by ``locator``.</doc>
<msg timestamp="20220529 22:23:47.316" level="INFO">Clicking element 'link:Long Walk to Freedom'.</msg>
<status status="PASS" starttime="20220529 22:23:47.315" endtime="20220529 22:23:48.115"/>
</kw>
<status status="PASS" starttime="20220529 22:23:47.314" endtime="20220529 22:23:48.116"/>
</kw>
<kw name="AddBookToCart">
<kw name="Click Element" library="SeleniumLibrary">
<arg>id:addTocart</arg>
<doc>Click the element identified by ``locator``.</doc>
<msg timestamp="20220529 22:23:48.117" level="INFO">Clicking element 'id:addTocart'.</msg>
<status status="PASS" starttime="20220529 22:23:48.116" endtime="20220529 22:23:48.749"/>
</kw>
<status status="PASS" starttime="20220529 22:23:48.116" endtime="20220529 22:23:48.749"/>
</kw>
<kw name="Wait">
<kw name="Sleep" library="BuiltIn">
<arg>1</arg>
<doc>Pauses the test executed for the given time.</doc>
<msg timestamp="20220529 22:23:49.765" level="INFO">Slept 1 second</msg>
<status status="PASS" starttime="20220529 22:23:48.750" endtime="20220529 22:23:49.765"/>
</kw>
<status status="PASS" starttime="20220529 22:23:48.750" endtime="20220529 22:23:49.765"/>
</kw>
<kw name="OpenShoppingCart">
<kw name="Click Element" library="SeleniumLibrary">
<arg>id:shoppingCart</arg>
<doc>Click the element identified by ``locator``.</doc>
<msg timestamp="20220529 22:23:49.767" level="INFO">Clicking element 'id:shoppingCart'.</msg>
<status status="PASS" starttime="20220529 22:23:49.766" endtime="20220529 22:23:49.983"/>
</kw>
<status status="PASS" starttime="20220529 22:23:49.766" endtime="20220529 22:23:49.984"/>
</kw>
<kw name="HasBookInCart">
<kw name="Page Should Contain Element" library="SeleniumLibrary">
<arg>id:22</arg>
<doc>Verifies that element ``locator`` is found on the current page.</doc>
<msg timestamp="20220529 22:23:50.010" level="INFO">Current page contains element 'id:22'.</msg>
<status status="PASS" starttime="20220529 22:23:49.993" endtime="20220529 22:23:50.010"/>
</kw>
<status status="PASS" starttime="20220529 22:23:49.992" endtime="20220529 22:23:50.011"/>
</kw>
<kw name="Close All Browsers" library="SeleniumLibrary">
<doc>Closes all open browsers and resets the browser cache.</doc>
<status status="PASS" starttime="20220529 22:23:50.012" endtime="20220529 22:23:55.641"/>
</kw>
<doc>Check if the user can successfully add book to cart from DetailsPage</doc>
<tag>end-user</tag>
<tag>tamara</tag>
<tag>team-project</tag>
<status status="PASS" starttime="20220529 22:23:43.949" endtime="20220529 22:23:55.643"/>
</test>
<test id="s1-s3-t4" name="ShowCartQtyOnHomePageTest">
<kw name="CreateDriver">
<kw name="Create Webdriver" library="SeleniumLibrary">
<arg>${browser}</arg>
<arg>executable_path=chromedriver.exe</arg>
<doc>Creates an instance of Selenium WebDriver.</doc>
<msg timestamp="20220529 22:23:55.648" level="INFO">Creating an instance of the Chrome WebDriver.</msg>
<status status="PASS" starttime="20220529 22:23:55.648" endtime="20220529 22:23:56.908"/>
</kw>
<status status="PASS" starttime="20220529 22:23:55.648" endtime="20220529 22:23:56.908"/>
</kw>
<kw name="OpenApp">
<kw name="Open Browser" library="SeleniumLibrary">
<arg>${url}</arg>
<arg>${browser}</arg>
<doc>Opens a new browser instance to the optional ``url``.</doc>
<msg timestamp="20220529 22:23:56.914" level="INFO">Opening browser 'Chrome' to base url 'http://127.0.0.1:8000/'.</msg>
<status status="PASS" starttime="20220529 22:23:56.913" endtime="20220529 22:23:58.905"/>
</kw>
<status status="PASS" starttime="20220529 22:23:56.912" endtime="20220529 22:23:58.906"/>
</kw>
<kw name="AddBookToCart">
<kw name="Click Element" library="SeleniumLibrary">
<arg>id:addTocart</arg>
<doc>Click the element identified by ``locator``.</doc>
<msg timestamp="20220529 22:23:58.913" level="INFO">Clicking element 'id:addTocart'.</msg>
<status status="PASS" starttime="20220529 22:23:58.912" endtime="20220529 22:23:59.501"/>
</kw>
<status status="PASS" starttime="20220529 22:23:58.912" endtime="20220529 22:23:59.502"/>
</kw>
<kw name="Wait">
<kw name="Sleep" library="BuiltIn">
<arg>1</arg>
<doc>Pauses the test executed for the given time.</doc>
<msg timestamp="20220529 22:24:00.508" level="INFO">Slept 1 second</msg>
<status status="PASS" starttime="20220529 22:23:59.504" endtime="20220529 22:24:00.508"/>
</kw>
<status status="PASS" starttime="20220529 22:23:59.502" endtime="20220529 22:24:00.508"/>
</kw>
<kw name="GetTotalInCart">
<var>${qty}</var>
<kw name="Get Text" library="SeleniumLibrary">
<var>${qty}</var>
<arg>id:gettotalcart</arg>
<doc>Returns the text value of the element identified by ``locator``.</doc>
<msg timestamp="20220529 22:24:00.551" level="INFO">${qty} = 1</msg>
<status status="PASS" starttime="20220529 22:24:00.509" endtime="20220529 22:24:00.552"/>
</kw>
<msg timestamp="20220529 22:24:00.552" level="INFO">${qty} = 1</msg>
<status status="PASS" starttime="20220529 22:24:00.509" endtime="20220529 22:24:00.552"/>
</kw>
<kw name="Should Be Equal" library="BuiltIn">
<arg>${qty}</arg>
<arg>1</arg>
<doc>Fails if the given objects are unequal.</doc>
<status status="PASS" starttime="20220529 22:24:00.553" endtime="20220529 22:24:00.555"/>
</kw>
<kw name="Close All Browsers" library="SeleniumLibrary">
<doc>Closes all open browsers and resets the browser cache.</doc>
<status status="PASS" starttime="20220529 22:24:00.555" endtime="20220529 22:24:05.235"/>
</kw>
<doc>Check if the user can see how many books are in the shopping cart on the HomePage</doc>
<tag>end-user</tag>
<tag>tamara</tag>
<tag>team-project</tag>
<status status="PASS" starttime="20220529 22:23:55.647" endtime="20220529 22:24:05.237"/>
</test>
<test id="s1-s3-t5" name="ShowBookQtyInCartTest">
<kw name="CreateDriver">
<kw name="Create Webdriver" library="SeleniumLibrary">
<arg>${browser}</arg>
<arg>executable_path=chromedriver.exe</arg>
<doc>Creates an instance of Selenium WebDriver.</doc>
<msg timestamp="20220529 22:24:05.250" level="INFO">Creating an instance of the Chrome WebDriver.</msg>
<status status="PASS" starttime="20220529 22:24:05.249" endtime="20220529 22:24:06.548"/>
</kw>
<status status="PASS" starttime="20220529 22:24:05.247" endtime="20220529 22:24:06.549"/>
</kw>
<kw name="OpenApp">
<kw name="Open Browser" library="SeleniumLibrary">
<arg>${url}</arg>
<arg>${browser}</arg>
<doc>Opens a new browser instance to the optional ``url``.</doc>
<msg timestamp="20220529 22:24:06.551" level="INFO">Opening browser 'Chrome' to base url 'http://127.0.0.1:8000/'.</msg>
<status status="PASS" starttime="20220529 22:24:06.550" endtime="20220529 22:24:08.597"/>
</kw>
<status status="PASS" starttime="20220529 22:24:06.549" endtime="20220529 22:24:08.598"/>
</kw>
<kw name="AddBookToCart">
<kw name="Click Element" library="SeleniumLibrary">
<arg>id:addTocart</arg>
<doc>Click the element identified by ``locator``.</doc>
<msg timestamp="20220529 22:24:08.601" level="INFO">Clicking element 'id:addTocart'.</msg>
<status status="PASS" starttime="20220529 22:24:08.600" endtime="20220529 22:24:09.239"/>
</kw>
<status status="PASS" starttime="20220529 22:24:08.600" endtime="20220529 22:24:09.239"/>
</kw>
<kw name="OpenShoppingCart">
<kw name="Click Element" library="SeleniumLibrary">
<arg>id:shoppingCart</arg>
<doc>Click the element identified by ``locator``.</doc>
<msg timestamp="20220529 22:24:09.242" level="INFO">Clicking element 'id:shoppingCart'.</msg>
<status status="PASS" starttime="20220529 22:24:09.241" endtime="20220529 22:24:09.494"/>
</kw>
<status status="PASS" starttime="20220529 22:24:09.240" endtime="20220529 22:24:09.495"/>
</kw>
<kw name="Wait">
<kw name="Sleep" library="BuiltIn">
<arg>1</arg>
<doc>Pauses the test executed for the given time.</doc>
<msg timestamp="20220529 22:24:10.525" level="INFO">Slept 1 second</msg>
<status status="PASS" starttime="20220529 22:24:09.515" endtime="20220529 22:24:10.525"/>
</kw>
<status status="PASS" starttime="20220529 22:24:09.513" endtime="20220529 22:24:10.526"/>
</kw>
<kw name="GetBookQuantityInCart">
<var>${qty}</var>
<kw name="Get Element Attribute" library="SeleniumLibrary">
<var>${qty}</var>
<arg>name:qty</arg>
<arg>value</arg>
<doc>Returns the value of ``attribute`` from the element ``locator``.</doc>
<msg timestamp="20220529 22:24:10.554" level="INFO">${qty} = 1</msg>
<status status="PASS" starttime="20220529 22:24:10.527" endtime="20220529 22:24:10.554"/>
</kw>
<msg timestamp="20220529 22:24:10.555" level="INFO">${qty} = 1</msg>
<status status="PASS" starttime="20220529 22:24:10.526" endtime="20220529 22:24:10.555"/>
</kw>
<kw name="Should Be Equal" library="BuiltIn">
<arg>${qty}</arg>
<arg>1</arg>
<doc>Fails if the given objects are unequal.</doc>
<status status="PASS" starttime="20220529 22:24:10.555" endtime="20220529 22:24:10.555"/>
</kw>
<kw name="Close All Browsers" library="SeleniumLibrary">
<doc>Closes all open browsers and resets the browser cache.</doc>
<status status="PASS" starttime="20220529 22:24:10.556" endtime="20220529 22:24:14.937"/>
</kw>
<doc>Check if the user can see the quantity for each book in the cart</doc>
<tag>end-user</tag>
<tag>tamara</tag>
<tag>team-project</tag>
<status status="PASS" starttime="20220529 22:24:05.243" endtime="20220529 22:24:14.939"/>
</test>
<test id="s1-s3-t6" name="ShowBookSumInCartTest OneItem">
<kw name="CreateDriver">
<kw name="Create Webdriver" library="SeleniumLibrary">
<arg>${browser}</arg>
<arg>executable_path=chromedriver.exe</arg>
<doc>Creates an instance of Selenium WebDriver.</doc>
<msg timestamp="20220529 22:24:14.952" level="INFO">Creating an instance of the Chrome WebDriver.</msg>
<status status="PASS" starttime="20220529 22:24:14.951" endtime="20220529 22:24:16.169"/>
</kw>
<status status="PASS" starttime="20220529 22:24:14.949" endtime="20220529 22:24:16.170"/>
</kw>
<kw name="OpenApp">
<kw name="Open Browser" library="SeleniumLibrary">
<arg>${url}</arg>
<arg>${browser}</arg>
<doc>Opens a new browser instance to the optional ``url``.</doc>
<msg timestamp="20220529 22:24:16.178" level="INFO">Opening browser 'Chrome' to base url 'http://127.0.0.1:8000/'.</msg>
<status status="PASS" starttime="20220529 22:24:16.177" endtime="20220529 22:24:18.196"/>
</kw>
<status status="PASS" starttime="20220529 22:24:16.176" endtime="20220529 22:24:18.197"/>
</kw>
<kw name="AddBookToCart">
<kw name="Click Element" library="SeleniumLibrary">
<arg>id:addTocart</arg>
<doc>Click the element identified by ``locator``.</doc>
<msg timestamp="20220529 22:24:18.199" level="INFO">Clicking element 'id:addTocart'.</msg>
<status status="PASS" starttime="20220529 22:24:18.198" endtime="20220529 22:24:18.791"/>
</kw>
<status status="PASS" starttime="20220529 22:24:18.197" endtime="20220529 22:24:18.792"/>
</kw>
<kw name="GetBookPrice">
<var>${book-price}</var>
<kw name="Get Text" library="SeleniumLibrary">
<var>${book-price}</var>
<arg>id:bookPrice</arg>
<doc>Returns the text value of the element identified by ``locator``.</doc>
<msg timestamp="20220529 22:24:18.849" level="INFO">${book-price} = 340 Tk.</msg>
<status status="PASS" starttime="20220529 22:24:18.793" endtime="20220529 22:24:18.850"/>
</kw>
<msg timestamp="20220529 22:24:18.850" level="INFO">${book-price} = 340 Tk.</msg>
<status status="PASS" starttime="20220529 22:24:18.793" endtime="20220529 22:24:18.851"/>
</kw>
<kw name="OpenShoppingCart">
<kw name="Click Element" library="SeleniumLibrary">
<arg>id:shoppingCart</arg>
<doc>Click the element identified by ``locator``.</doc>
<msg timestamp="20220529 22:24:18.856" level="INFO">Clicking element 'id:shoppingCart'.</msg>
<status status="PASS" starttime="20220529 22:24:18.855" endtime="20220529 22:24:19.075"/>
</kw>
<status status="PASS" starttime="20220529 22:24:18.855" endtime="20220529 22:24:19.076"/>
</kw>
<kw name="Wait">
<kw name="Sleep" library="BuiltIn">
<arg>1</arg>
<doc>Pauses the test executed for the given time.</doc>
<msg timestamp="20220529 22:24:20.079" level="INFO">Slept 1 second</msg>
<status status="PASS" starttime="20220529 22:24:19.077" endtime="20220529 22:24:20.079"/>
</kw>
<status status="PASS" starttime="20220529 22:24:19.077" endtime="20220529 22:24:20.079"/>
</kw>
<kw name="Get Text" library="SeleniumLibrary">
<var>${sum}</var>
<arg>id:22</arg>
<doc>Returns the text value of the element identified by ``locator``.</doc>
<msg timestamp="20220529 22:24:20.112" level="INFO">${sum} = 340 Tk.</msg>
<status status="PASS" starttime="20220529 22:24:20.080" endtime="20220529 22:24:20.112"/>
</kw>
<kw name="Should Be Equal" library="BuiltIn">
<arg>${book-price}</arg>
<arg>${sum}</arg>
<doc>Fails if the given objects are unequal.</doc>
<status status="PASS" starttime="20220529 22:24:20.113" endtime="20220529 22:24:20.113"/>
</kw>
<kw name="Close All Browsers" library="SeleniumLibrary">
<doc>Closes all open browsers and resets the browser cache.</doc>
<status status="PASS" starttime="20220529 22:24:20.113" endtime="20220529 22:24:24.480"/>
</kw>
<doc>Check if the user can see the price for each book in the cart</doc>
<tag>end-user</tag>
<tag>tamara</tag>
<tag>team-project</tag>
<status status="PASS" starttime="20220529 22:24:14.945" endtime="20220529 22:24:24.484"/>
</test>
<test id="s1-s3-t7" name="ShowBookSumInCartTest">
<kw name="CreateDriver">
<kw name="Create Webdriver" library="SeleniumLibrary">
<arg>${browser}</arg>
<arg>executable_path=chromedriver.exe</arg>
<doc>Creates an instance of Selenium WebDriver.</doc>
<msg timestamp="20220529 22:24:24.497" level="INFO">Creating an instance of the Chrome WebDriver.</msg>
<status status="PASS" starttime="20220529 22:24:24.496" endtime="20220529 22:24:25.722"/>
</kw>
<status status="PASS" starttime="20220529 22:24:24.495" endtime="20220529 22:24:25.722"/>
</kw>
<kw name="OpenApp">
<kw name="Open Browser" library="SeleniumLibrary">
<arg>${url}</arg>
<arg>${browser}</arg>
<doc>Opens a new browser instance to the optional ``url``.</doc>
<msg timestamp="20220529 22:24:25.724" level="INFO">Opening browser 'Chrome' to base url 'http://127.0.0.1:8000/'.</msg>
<status status="PASS" starttime="20220529 22:24:25.724" endtime="20220529 22:24:28.755"/>
</kw>
<status status="PASS" starttime="20220529 22:24:25.723" endtime="20220529 22:24:28.755"/>
</kw>
<kw name="AddBookToCart">
<kw name="Click Element" library="SeleniumLibrary">
<arg>id:addTocart</arg>
<doc>Click the element identified by ``locator``.</doc>
<msg timestamp="20220529 22:24:28.756" level="INFO">Clicking element 'id:addTocart'.</msg>
<status status="PASS" starttime="20220529 22:24:28.756" endtime="20220529 22:24:29.408"/>
</kw>
<status status="PASS" starttime="20220529 22:24:28.755" endtime="20220529 22:24:29.408"/>
</kw>
<kw name="AddBookToCart">
<kw name="Click Element" library="SeleniumLibrary">
<arg>id:addTocart</arg>
<doc>Click the element identified by ``locator``.</doc>
<msg timestamp="20220529 22:24:29.409" level="INFO">Clicking element 'id:addTocart'.</msg>
<status status="PASS" starttime="20220529 22:24:29.409" endtime="20220529 22:24:29.444"/>
</kw>
<status status="PASS" starttime="20220529 22:24:29.408" endtime="20220529 22:24:29.444"/>
</kw>
<kw name="GetBookPrice">
<var>${book-price-str}</var>
<kw name="Get Text" library="SeleniumLibrary">
<var>${book-price}</var>
<arg>id:bookPrice</arg>
<doc>Returns the text value of the element identified by ``locator``.</doc>
<msg timestamp="20220529 22:24:29.493" level="INFO">${book-price} = 340 Tk.</msg>
<status status="PASS" starttime="20220529 22:24:29.448" endtime="20220529 22:24:29.493"/>
</kw>
<msg timestamp="20220529 22:24:29.494" level="INFO">${book-price-str} = 340 Tk.</msg>
<status status="PASS" starttime="20220529 22:24:29.447" endtime="20220529 22:24:29.494"/>
</kw>
<kw name="Split String" library="String">
<var>${str1}</var>
<arg>${book-price-str}</arg>
<doc>Splits the ``string`` using ``separator`` as a delimiter string.</doc>
<msg timestamp="20220529 22:24:29.495" level="INFO">${str1} = ['340', 'Tk.']</msg>
<status status="PASS" starttime="20220529 22:24:29.495" endtime="20220529 22:24:29.495"/>
</kw>
<kw name="Get From List" library="Collections">
<var>${price}</var>
<arg>${str1}</arg>
<arg>0</arg>
<doc>Returns the value specified with an ``index`` from ``list``.</doc>
<msg timestamp="20220529 22:24:29.496" level="INFO">${price} = 340</msg>
<status status="PASS" starttime="20220529 22:24:29.495" endtime="20220529 22:24:29.496"/>
</kw>
<kw name="Convert To Integer" library="BuiltIn">
<var>${book-price-int}</var>
<arg>${price}</arg>
<doc>Converts the given item to an integer number.</doc>
<msg timestamp="20220529 22:24:29.496" level="INFO">${book-price-int} = 340</msg>
<status status="PASS" starttime="20220529 22:24:29.496" endtime="20220529 22:24:29.496"/>
</kw>
<kw name="Evaluate" library="BuiltIn">
<var>${expected}</var>
<arg>int(${num})*int(${book-price-int})</arg>
<doc>Evaluates the given expression in Python and returns the result.</doc>
<msg timestamp="20220529 22:24:29.498" level="INFO">${expected} = 680</msg>
<status status="PASS" starttime="20220529 22:24:29.497" endtime="20220529 22:24:29.498"/>
</kw>
<kw name="Wait">
<kw name="Sleep" library="BuiltIn">
<arg>1</arg>
<doc>Pauses the test executed for the given time.</doc>
<msg timestamp="20220529 22:24:30.507" level="INFO">Slept 1 second</msg>
<status status="PASS" starttime="20220529 22:24:29.499" endtime="20220529 22:24:30.507"/>
</kw>
<status status="PASS" starttime="20220529 22:24:29.498" endtime="20220529 22:24:30.507"/>
</kw>
<kw name="OpenShoppingCart">
<kw name="Click Element" library="SeleniumLibrary">
<arg>id:shoppingCart</arg>
<doc>Click the element identified by ``locator``.</doc>
<msg timestamp="20220529 22:24:30.508" level="INFO">Clicking element 'id:shoppingCart'.</msg>
<status status="PASS" starttime="20220529 22:24:30.508" endtime="20220529 22:24:30.729"/>
</kw>
<status status="PASS" starttime="20220529 22:24:30.508" endtime="20220529 22:24:30.730"/>
</kw>
<kw name="Wait">
<kw name="Sleep" library="BuiltIn">
<arg>1</arg>
<doc>Pauses the test executed for the given time.</doc>
<msg timestamp="20220529 22:24:31.740" level="INFO">Slept 1 second</msg>
<status status="PASS" starttime="20220529 22:24:30.732" endtime="20220529 22:24:31.740"/>
</kw>
<status status="PASS" starttime="20220529 22:24:30.731" endtime="20220529 22:24:31.740"/>
</kw>
<kw name="Get Text" library="SeleniumLibrary">
<var>${sum-str}</var>
<arg>id:22</arg>
<doc>Returns the text value of the element identified by ``locator``.</doc>
<msg timestamp="20220529 22:24:31.775" level="INFO">${sum-str} = 680 Tk.</msg>
<status status="PASS" starttime="20220529 22:24:31.741" endtime="20220529 22:24:31.775"/>
</kw>
<kw name="Split String" library="String">
<var>${str2}</var>
<arg>${sum-str}</arg>
<doc>Splits the ``string`` using ``separator`` as a delimiter string.</doc>
<msg timestamp="20220529 22:24:31.776" level="INFO">${str2} = ['680', 'Tk.']</msg>
<status status="PASS" starttime="20220529 22:24:31.775" endtime="20220529 22:24:31.776"/>
</kw>
<kw name="Get From List" library="Collections">
<var>${sum}</var>
<arg>${str2}</arg>
<arg>0</arg>
<doc>Returns the value specified with an ``index`` from ``list``.</doc>
<msg timestamp="20220529 22:24:31.777" level="INFO">${sum} = 680</msg>
<status status="PASS" starttime="20220529 22:24:31.776" endtime="20220529 22:24:31.777"/>
</kw>
<kw name="Convert To Integer" library="BuiltIn">
<var>${sum-int}</var>
<arg>${sum}</arg>
<doc>Converts the given item to an integer number.</doc>
<msg timestamp="20220529 22:24:31.777" level="INFO">${sum-int} = 680</msg>
<status status="PASS" starttime="20220529 22:24:31.777" endtime="20220529 22:24:31.777"/>
</kw>
<kw name="Should Be Equal As Numbers" library="BuiltIn">
<arg>${expected}</arg>
<arg>${sum-int}</arg>
<doc>Fails if objects are unequal after converting them to real numbers.</doc>
<status status="PASS" starttime="20220529 22:24:31.778" endtime="20220529 22:24:31.778"/>
</kw>
<kw name="Close All Browsers" library="SeleniumLibrary">
<doc>Closes all open browsers and resets the browser cache.</doc>
<status status="PASS" starttime="20220529 22:24:31.779" endtime="20220529 22:24:36.369"/>
</kw>
<doc>Check if the user can see the total price for each book in the cart</doc>
<tag>end-user</tag>
<tag>tamara</tag>
<tag>team-project</tag>
<status status="PASS" starttime="20220529 22:24:24.491" endtime="20220529 22:24:36.371"/>
</test>
<test id="s1-s3-t8" name="DeleteBookFromCartTest">
<kw name="CreateDriver">
<kw name="Create Webdriver" library="SeleniumLibrary">
<arg>${browser}</arg>
<arg>executable_path=chromedriver.exe</arg>
<doc>Creates an instance of Selenium WebDriver.</doc>
<msg timestamp="20220529 22:24:36.382" level="INFO">Creating an instance of the Chrome WebDriver.</msg>
<status status="PASS" starttime="20220529 22:24:36.381" endtime="20220529 22:24:37.696"/>
</kw>
<status status="PASS" starttime="20220529 22:24:36.379" endtime="20220529 22:24:37.696"/>
</kw>
<kw name="OpenApp">
<kw name="Open Browser" library="SeleniumLibrary">
<arg>${url}</arg>
<arg>${browser}</arg>
<doc>Opens a new browser instance to the optional ``url``.</doc>
<msg timestamp="20220529 22:24:37.702" level="INFO">Opening browser 'Chrome' to base url 'http://127.0.0.1:8000/'.</msg>
<status status="PASS" starttime="20220529 22:24:37.701" endtime="20220529 22:24:39.821"/>
</kw>
<status status="PASS" starttime="20220529 22:24:37.698" endtime="20220529 22:24:39.822"/>
</kw>
<kw name="AddBookToCart">
<kw name="Click Element" library="SeleniumLibrary">
<arg>id:addTocart</arg>
<doc>Click the element identified by ``locator``.</doc>
<msg timestamp="20220529 22:24:39.825" level="INFO">Clicking element 'id:addTocart'.</msg>
<status status="PASS" starttime="20220529 22:24:39.824" endtime="20220529 22:24:40.413"/>
</kw>
<status status="PASS" starttime="20220529 22:24:39.824" endtime="20220529 22:24:40.413"/>
</kw>
<kw name="OpenShoppingCart">
<kw name="Click Element" library="SeleniumLibrary">
<arg>id:shoppingCart</arg>
<doc>Click the element identified by ``locator``.</doc>
<msg timestamp="20220529 22:24:40.421" level="INFO">Clicking element 'id:shoppingCart'.</msg>
<status status="PASS" starttime="20220529 22:24:40.421" endtime="20220529 22:24:40.672"/>
</kw>
<status status="PASS" starttime="20220529 22:24:40.420" endtime="20220529 22:24:40.672"/>
</kw>
<kw name="DeleteBook">
<kw name="Click Element" library="SeleniumLibrary">
<arg>id:deleteBook</arg>
<doc>Click the element identified by ``locator``.</doc>
<msg timestamp="20220529 22:24:40.676" level="INFO">Clicking element 'id:deleteBook'.</msg>
<status status="PASS" starttime="20220529 22:24:40.676" endtime="20220529 22:24:41.421"/>
</kw>
<status status="PASS" starttime="20220529 22:24:40.675" endtime="20220529 22:24:41.422"/>
</kw>
<kw name="CartIsEmpty">
<kw name="Page Should Not Contain Element" library="SeleniumLibrary">
<arg>id:22</arg>
<doc>Verifies that element ``locator`` is not found on the current page.</doc>
<msg timestamp="20220529 22:24:41.446" level="INFO">Current page does not contain element 'id:22'.</msg>
<status status="PASS" starttime="20220529 22:24:41.424" endtime="20220529 22:24:41.446"/>
</kw>
<status status="PASS" starttime="20220529 22:24:41.423" endtime="20220529 22:24:41.449"/>
</kw>
<kw name="Close All Browsers" library="SeleniumLibrary">
<doc>Closes all open browsers and resets the browser cache.</doc>
<status status="PASS" starttime="20220529 22:24:41.454" endtime="20220529 22:24:46.113"/>
</kw>
<doc>Check if the user can delete book from the cart</doc>
<tag>end-user</tag>
<tag>tamara</tag>
<tag>team-project</tag>
<status status="PASS" starttime="20220529 22:24:36.376" endtime="20220529 22:24:46.114"/>
</test>
<test id="s1-s3-t9" name="IncreaseBookQtyInCartTest">
<kw name="CreateDriver">
<kw name="Create Webdriver" library="SeleniumLibrary">
<arg>${browser}</arg>
<arg>executable_path=chromedriver.exe</arg>
<doc>Creates an instance of Selenium WebDriver.</doc>
<msg timestamp="20220529 22:24:46.118" level="INFO">Creating an instance of the Chrome WebDriver.</msg>
<status status="PASS" starttime="20220529 22:24:46.117" endtime="20220529 22:24:47.456"/>
</kw>
<status status="PASS" starttime="20220529 22:24:46.117" endtime="20220529 22:24:47.457"/>
</kw>
<kw name="OpenApp">
<kw name="Open Browser" library="SeleniumLibrary">
<arg>${url}</arg>
<arg>${browser}</arg>
<doc>Opens a new browser instance to the optional ``url``.</doc>
<msg timestamp="20220529 22:24:47.459" level="INFO">Opening browser 'Chrome' to base url 'http://127.0.0.1:8000/'.</msg>
<status status="PASS" starttime="20220529 22:24:47.458" endtime="20220529 22:24:49.597"/>
</kw>
<status status="PASS" starttime="20220529 22:24:47.457" endtime="20220529 22:24:49.597"/>
</kw>
<kw name="AddBookToCart">
<kw name="Click Element" library="SeleniumLibrary">
<arg>id:addTocart</arg>
<doc>Click the element identified by ``locator``.</doc>
<msg timestamp="20220529 22:24:49.601" level="INFO">Clicking element 'id:addTocart'.</msg>
<status status="PASS" starttime="20220529 22:24:49.600" endtime="20220529 22:24:50.238"/>
</kw>
<status status="PASS" starttime="20220529 22:24:49.599" endtime="20220529 22:24:50.239"/>
</kw>
<kw name="OpenShoppingCart">
<kw name="Click Element" library="SeleniumLibrary">
<arg>id:shoppingCart</arg>
<doc>Click the element identified by ``locator``.</doc>
<msg timestamp="20220529 22:24:50.241" level="INFO">Clicking element 'id:shoppingCart'.</msg>
<status status="PASS" starttime="20220529 22:24:50.240" endtime="20220529 22:24:50.492"/>
</kw>
<status status="PASS" starttime="20220529 22:24:50.239" endtime="20220529 22:24:50.493"/>
</kw>
<kw name="ClickPlus">
<kw name="Click Button" library="SeleniumLibrary">
<arg>css:body &gt; div.container-fluid &gt; div &gt; div &gt; div &gt; div &gt; div &gt; table &gt; tbody &gt; tr &gt; td.cart_quantity &gt; div &gt; span.input-group-btn.input-group-append &gt; button</arg>
<doc>Clicks the button identified by ``locator``.</doc>
<msg timestamp="20220529 22:24:50.500" level="INFO">Clicking button 'css:body &gt; div.container-fluid &gt; div &gt; div &gt; div &gt; div &gt; div &gt; table &gt; tbody &gt; tr &gt; td.cart_quantity &gt; div &gt; span.input-group-btn.input-group-append &gt; button'.</msg>
<status status="PASS" starttime="20220529 22:24:50.498" endtime="20220529 22:24:51.124"/>
</kw>
<status status="PASS" starttime="20220529 22:24:50.496" endtime="20220529 22:24:51.124"/>
</kw>
<kw name="GetBookQuantityInCart">
<var>${qty}</var>
<kw name="Get Element Attribute" library="SeleniumLibrary">
<var>${qty}</var>
<arg>name:qty</arg>
<arg>value</arg>
<doc>Returns the value of ``attribute`` from the element ``locator``.</doc>
<msg timestamp="20220529 22:24:51.174" level="INFO">${qty} = 2</msg>
<status status="PASS" starttime="20220529 22:24:51.125" endtime="20220529 22:24:51.174"/>
</kw>
<msg timestamp="20220529 22:24:51.175" level="INFO">${qty} = 2</msg>
<status status="PASS" starttime="20220529 22:24:51.124" endtime="20220529 22:24:51.175"/>
</kw>
<kw name="Should Be Equal" library="BuiltIn">
<arg>${qty}</arg>
<arg>2</arg>
<doc>Fails if the given objects are unequal.</doc>
<status status="PASS" starttime="20220529 22:24:51.175" endtime="20220529 22:24:51.176"/>
</kw>
<kw name="Close All Browsers" library="SeleniumLibrary">
<doc>Closes all open browsers and resets the browser cache.</doc>
<status status="PASS" starttime="20220529 22:24:51.176" endtime="20220529 22:24:55.579"/>
</kw>
<doc>Check if the user can increase the amount of a book from the cart</doc>
<tag>end-user</tag>
<tag>tamara</tag>
<tag>team-project</tag>
<status status="PASS" starttime="20220529 22:24:46.115" endtime="20220529 22:24:55.581"/>
</test>
<test id="s1-s3-t10" name="DecreaseBookQtyInCartTest">
<kw name="CreateDriver">
<kw name="Create Webdriver" library="SeleniumLibrary">
<arg>${browser}</arg>
<arg>executable_path=chromedriver.exe</arg>
<doc>Creates an instance of Selenium WebDriver.</doc>
<msg timestamp="20220529 22:24:55.597" level="INFO">Creating an instance of the Chrome WebDriver.</msg>
<status status="PASS" starttime="20220529 22:24:55.595" endtime="20220529 22:24:56.951"/>
</kw>
<status status="PASS" starttime="20220529 22:24:55.592" endtime="20220529 22:24:56.951"/>
</kw>
<kw name="OpenApp">
<kw name="Open Browser" library="SeleniumLibrary">
<arg>${url}</arg>
<arg>${browser}</arg>
<doc>Opens a new browser instance to the optional ``url``.</doc>
<msg timestamp="20220529 22:24:56.953" level="INFO">Opening browser 'Chrome' to base url 'http://127.0.0.1:8000/'.</msg>
<status status="PASS" starttime="20220529 22:24:56.952" endtime="20220529 22:24:59.335"/>
</kw>
<status status="PASS" starttime="20220529 22:24:56.952" endtime="20220529 22:24:59.336"/>
</kw>
<kw name="AddBookToCart">
<kw name="Click Element" library="SeleniumLibrary">
<arg>id:addTocart</arg>
<doc>Click the element identified by ``locator``.</doc>
<msg timestamp="20220529 22:24:59.342" level="INFO">Clicking element 'id:addTocart'.</msg>
<status status="PASS" starttime="20220529 22:24:59.342" endtime="20220529 22:24:59.924"/>
</kw>
<status status="PASS" starttime="20220529 22:24:59.341" endtime="20220529 22:24:59.925"/>
</kw>
<kw name="AddBookToCart">
<kw name="Click Element" library="SeleniumLibrary">
<arg>id:addTocart</arg>
<doc>Click the element identified by ``locator``.</doc>
<msg timestamp="20220529 22:24:59.926" level="INFO">Clicking element 'id:addTocart'.</msg>
<status status="PASS" starttime="20220529 22:24:59.925" endtime="20220529 22:24:59.975"/>
</kw>
<status status="PASS" starttime="20220529 22:24:59.925" endtime="20220529 22:24:59.975"/>
</kw>
<kw name="OpenShoppingCart">
<kw name="Click Element" library="SeleniumLibrary">
<arg>id:shoppingCart</arg>
<doc>Click the element identified by ``locator``.</doc>
<msg timestamp="20220529 22:24:59.978" level="INFO">Clicking element 'id:shoppingCart'.</msg>
<status status="PASS" starttime="20220529 22:24:59.977" endtime="20220529 22:25:00.311"/>
</kw>
<status status="PASS" starttime="20220529 22:24:59.977" endtime="20220529 22:25:00.312"/>
</kw>
<kw name="ClickMinus">
<kw name="Click Button" library="SeleniumLibrary">
<arg>css:body &gt; div.container-fluid &gt; div &gt; div &gt; div &gt; div &gt; div &gt; table &gt; tbody &gt; tr &gt; td.cart_quantity &gt; div &gt; span.input-group-btn.input-group-prepend &gt; button</arg>
<doc>Clicks the button identified by ``locator``.</doc>
<msg timestamp="20220529 22:25:00.317" level="INFO">Clicking button 'css:body &gt; div.container-fluid &gt; div &gt; div &gt; div &gt; div &gt; div &gt; table &gt; tbody &gt; tr &gt; td.cart_quantity &gt; div &gt; span.input-group-btn.input-group-prepend &gt; button'.</msg>
<status status="PASS" starttime="20220529 22:25:00.316" endtime="20220529 22:25:00.910"/>
</kw>
<status status="PASS" starttime="20220529 22:25:00.316" endtime="20220529 22:25:00.910"/>
</kw>
<kw name="GetBookQuantityInCart">
<var>${qty}</var>
<kw name="Get Element Attribute" library="SeleniumLibrary">
<var>${qty}</var>
<arg>name:qty</arg>
<arg>value</arg>
<doc>Returns the value of ``attribute`` from the element ``locator``.</doc>
<msg timestamp="20220529 22:25:00.972" level="INFO">${qty} = 1</msg>
<status status="PASS" starttime="20220529 22:25:00.917" endtime="20220529 22:25:00.972"/>
</kw>
<msg timestamp="20220529 22:25:00.973" level="INFO">${qty} = 1</msg>
<status status="PASS" starttime="20220529 22:25:00.916" endtime="20220529 22:25:00.973"/>
</kw>
<kw name="Should Be Equal" library="BuiltIn">
<arg>${qty}</arg>
<arg>1</arg>
<doc>Fails if the given objects are unequal.</doc>
<status status="PASS" starttime="20220529 22:25:00.973" endtime="20220529 22:25:00.974"/>
</kw>
<kw name="Close All Browsers" library="SeleniumLibrary">
<doc>Closes all open browsers and resets the browser cache.</doc>
<status status="PASS" starttime="20220529 22:25:00.974" endtime="20220529 22:25:05.381"/>
</kw>
<doc>Check if the user can decrease the amount of a book from cart</doc>
<tag>end-user</tag>
<tag>tamara</tag>
<tag>team-project</tag>
<status status="PASS" starttime="20220529 22:24:55.588" endtime="20220529 22:25:05.382"/>
</test>
<status status="PASS" starttime="20220529 22:23:26.241" endtime="20220529 22:25:05.385"/>
</suite>
<suite id="s1-s4" name="State Transition Tests" source="C:\Users\Lenovo IP320\Desktop\faks\FINKI 7 semestar --\тп\test\robot_tests\state_transition_tests.robot">
<test id="s1-s4-t1" name="OpenShoppingCartTest">
<kw name="CreateDriver">
<kw name="Create Webdriver" library="SeleniumLibrary">
<arg>${browser}</arg>
<arg>executable_path=chromedriver.exe</arg>
<doc>Creates an instance of Selenium WebDriver.</doc>
<msg timestamp="20220529 22:25:05.405" level="INFO">Creating an instance of the Chrome WebDriver.</msg>
<status status="PASS" starttime="20220529 22:25:05.404" endtime="20220529 22:25:06.823"/>
</kw>
<status status="PASS" starttime="20220529 22:25:05.404" endtime="20220529 22:25:06.823"/>
</kw>
<kw name="OpenApp">
<kw name="Open Browser" library="SeleniumLibrary">
<arg>${url}</arg>
<arg>${browser}</arg>
<doc>Opens a new browser instance to the optional ``url``.</doc>
<msg timestamp="20220529 22:25:06.824" level="INFO">Opening browser 'Chrome' to base url 'http://127.0.0.1:8000/'.</msg>
<status status="PASS" starttime="20220529 22:25:06.824" endtime="20220529 22:25:08.872"/>
</kw>
<status status="PASS" starttime="20220529 22:25:06.823" endtime="20220529 22:25:08.872"/>
</kw>
<kw name="OpenShoppingCart">
<kw name="Click Element" library="SeleniumLibrary">
<arg>id:shoppingCart</arg>
<doc>Click the element identified by ``locator``.</doc>
<msg timestamp="20220529 22:25:08.876" level="INFO">Clicking element 'id:shoppingCart'.</msg>
<status status="PASS" starttime="20220529 22:25:08.875" endtime="20220529 22:25:09.656"/>
</kw>
<status status="PASS" starttime="20220529 22:25:08.875" endtime="20220529 22:25:09.656"/>
</kw>
<kw name="Get Location" library="SeleniumLibrary">
<var>${current-url}</var>
<doc>Returns the current browser window URL.</doc>
<msg timestamp="20220529 22:25:09.670" level="INFO">${current-url} = http://127.0.0.1:8000/cart/</msg>
<status status="PASS" starttime="20220529 22:25:09.659" endtime="20220529 22:25:09.670"/>
</kw>
<kw name="Should Be Equal" library="BuiltIn">
<arg>${cart-url}</arg>
<arg>${current-url}</arg>
<doc>Fails if the given objects are unequal.</doc>
<status status="PASS" starttime="20220529 22:25:09.671" endtime="20220529 22:25:09.672"/>
</kw>
<kw name="Close All Browsers" library="SeleniumLibrary">
<doc>Closes all open browsers and resets the browser cache.</doc>
<status status="PASS" starttime="20220529 22:25:09.672" endtime="20220529 22:25:14.102"/>
</kw>
<doc>Check if user is redirected to shopping cart page</doc>
<tag>state-transition</tag>
<tag>tamara</tag>
<tag>team-project</tag>
<status status="PASS" starttime="20220529 22:25:05.403" endtime="20220529 22:25:14.104"/>
</test>
<test id="s1-s4-t2" name="ContinueShoppingTest">
<kw name="CreateDriver">
<kw name="Create Webdriver" library="SeleniumLibrary">
<arg>${browser}</arg>
<arg>executable_path=chromedriver.exe</arg>
<doc>Creates an instance of Selenium WebDriver.</doc>
<msg timestamp="20220529 22:25:14.121" level="INFO">Creating an instance of the Chrome WebDriver.</msg>
<status status="PASS" starttime="20220529 22:25:14.120" endtime="20220529 22:25:15.533"/>
</kw>
<status status="PASS" starttime="20220529 22:25:14.117" endtime="20220529 22:25:15.533"/>
</kw>
<kw name="OpenApp">
<kw name="Open Browser" library="SeleniumLibrary">
<arg>${url}</arg>
<arg>${browser}</arg>
<doc>Opens a new browser instance to the optional ``url``.</doc>
<msg timestamp="20220529 22:25:15.535" level="INFO">Opening browser 'Chrome' to base url 'http://127.0.0.1:8000/'.</msg>
<status status="PASS" starttime="20220529 22:25:15.534" endtime="20220529 22:25:17.540"/>
</kw>
<status status="PASS" starttime="20220529 22:25:15.534" endtime="20220529 22:25:17.541"/>
</kw>
<kw name="OpenShoppingCart">
<kw name="Click Element" library="SeleniumLibrary">
<arg>id:shoppingCart</arg>
<doc>Click the element identified by ``locator``.</doc>
<msg timestamp="20220529 22:25:17.542" level="INFO">Clicking element 'id:shoppingCart'.</msg>
<status status="PASS" starttime="20220529 22:25:17.542" endtime="20220529 22:25:18.335"/>
</kw>
<status status="PASS" starttime="20220529 22:25:17.541" endtime="20220529 22:25:18.336"/>
</kw>
<kw name="ContinueToShop">
<kw name="Click Element" library="SeleniumLibrary">
<arg>link:Continue to Shop</arg>
<doc>Click the element identified by ``locator``.</doc>
<msg timestamp="20220529 22:25:18.339" level="INFO">Clicking element 'link:Continue to Shop'.</msg>
<status status="PASS" starttime="20220529 22:25:18.338" endtime="20220529 22:25:19.152"/>
</kw>
<status status="PASS" starttime="20220529 22:25:18.337" endtime="20220529 22:25:19.153"/>
</kw>
<kw name="Get Location" library="SeleniumLibrary">
<var>${current-url}</var>
<doc>Returns the current browser window URL.</doc>
<msg timestamp="20220529 22:25:19.159" level="INFO">${current-url} = http://127.0.0.1:8000/</msg>
<status status="PASS" starttime="20220529 22:25:19.153" endtime="20220529 22:25:19.159"/>
</kw>
<kw name="Should Be Equal" library="BuiltIn">
<arg>${url}</arg>
<arg>${current-url}</arg>
<doc>Fails if the given objects are unequal.</doc>
<status status="PASS" starttime="20220529 22:25:19.162" endtime="20220529 22:25:19.164"/>
</kw>
<kw name="Close All Browsers" library="SeleniumLibrary">
<doc>Closes all open browsers and resets the browser cache.</doc>
<status status="PASS" starttime="20220529 22:25:19.165" endtime="20220529 22:25:23.661"/>
</kw>
<doc>Check if user is redirected to home page</doc>
<tag>state-transition</tag>
<tag>tamara</tag>
<tag>team-project</tag>
<status status="PASS" starttime="20220529 22:25:14.113" endtime="20220529 22:25:23.661"/>
</test>
<test id="s1-s4-t3" name="ProceedCheckoutWhenUserNotLoggedTest">
<kw name="CreateDriver">
<kw name="Create Webdriver" library="SeleniumLibrary">
<arg>${browser}</arg>
<arg>executable_path=chromedriver.exe</arg>
<doc>Creates an instance of Selenium WebDriver.</doc>
<msg timestamp="20220529 22:25:23.664" level="INFO">Creating an instance of the Chrome WebDriver.</msg>
<status status="PASS" starttime="20220529 22:25:23.664" endtime="20220529 22:25:24.985"/>
</kw>
<status status="PASS" starttime="20220529 22:25:23.664" endtime="20220529 22:25:24.985"/>
</kw>
<kw name="OpenApp">
<kw name="Open Browser" library="SeleniumLibrary">
<arg>${url}</arg>
<arg>${browser}</arg>
<doc>Opens a new browser instance to the optional ``url``.</doc>
<msg timestamp="20220529 22:25:25.007" level="INFO">Opening browser 'Chrome' to base url 'http://127.0.0.1:8000/'.</msg>
<status status="PASS" starttime="20220529 22:25:25.006" endtime="20220529 22:25:27.188"/>
</kw>
<status status="PASS" starttime="20220529 22:25:25.005" endtime="20220529 22:25:27.189"/>
</kw>
<kw name="OpenShoppingCart">
<kw name="Click Element" library="SeleniumLibrary">
<arg>id:shoppingCart</arg>
<doc>Click the element identified by ``locator``.</doc>
<msg timestamp="20220529 22:25:27.198" level="INFO">Clicking element 'id:shoppingCart'.</msg>
<status status="PASS" starttime="20220529 22:25:27.197" endtime="20220529 22:25:27.924"/>
</kw>
<status status="PASS" starttime="20220529 22:25:27.197" endtime="20220529 22:25:27.924"/>
</kw>
<kw name="ProceedToCheckout">
<kw name="Click Element" library="SeleniumLibrary">
<arg>link:Proceed to Checkout</arg>
<doc>Click the element identified by ``locator``.</doc>
<msg timestamp="20220529 22:25:27.932" level="INFO">Clicking element 'link:Proceed to Checkout'.</msg>
<status status="PASS" starttime="20220529 22:25:27.932" endtime="20220529 22:25:28.730"/>
</kw>
<status status="PASS" starttime="20220529 22:25:27.931" endtime="20220529 22:25:28.730"/>
</kw>
<kw name="Get Location" library="SeleniumLibrary">
<var>${current-url}</var>
<doc>Returns the current browser window URL.</doc>
<msg timestamp="20220529 22:25:28.742" level="INFO">${current-url} = http://127.0.0.1:8000/login</msg>
<status status="PASS" starttime="20220529 22:25:28.735" endtime="20220529 22:25:28.742"/>
</kw>
<kw name="Should Be Equal" library="BuiltIn">
<arg>${login-url}</arg>
<arg>${current-url}</arg>
<doc>Fails if the given objects are unequal.</doc>
<status status="PASS" starttime="20220529 22:25:28.746" endtime="20220529 22:25:28.746"/>
</kw>
<kw name="Close All Browsers" library="SeleniumLibrary">
<doc>Closes all open browsers and resets the browser cache.</doc>
<status status="PASS" starttime="20220529 22:25:28.747" endtime="20220529 22:25:33.197"/>
</kw>
<doc>Check if user is redirected to login page</doc>
<tag>state-transition</tag>
<tag>tamara</tag>
<tag>team-project</tag>
<status status="PASS" starttime="20220529 22:25:23.663" endtime="20220529 22:25:33.200"/>
</test>
<test id="s1-s4-t4" name="LogInTest">
<kw name="CreateDriver">
<kw name="Create Webdriver" library="SeleniumLibrary">
<arg>${browser}</arg>
<arg>executable_path=chromedriver.exe</arg>
<doc>Creates an instance of Selenium WebDriver.</doc>
<msg timestamp="20220529 22:25:33.218" level="INFO">Creating an instance of the Chrome WebDriver.</msg>
<status status="PASS" starttime="20220529 22:25:33.216" endtime="20220529 22:25:34.561"/>
</kw>
<status status="PASS" starttime="20220529 22:25:33.214" endtime="20220529 22:25:34.561"/>
</kw>
<kw name="RegisterUser">
<kw name="Open Browser" library="SeleniumLibrary">
<arg>${register-url}</arg>
<arg>${browser}</arg>
<doc>Opens a new browser instance to the optional ``url``.</doc>
<msg timestamp="20220529 22:25:34.564" level="INFO">Opening browser 'Chrome' to base url 'http://127.0.0.1:8000/registration'.</msg>
<status status="PASS" starttime="20220529 22:25:34.563" endtime="20220529 22:25:36.472"/>
</kw>
<kw name="Input Text" library="SeleniumLibrary">
<arg>id:id_name</arg>
<arg>${name}</arg>
<doc>Types the given ``text`` into the text field identified by ``locator``.</doc>
<msg timestamp="20220529 22:25:36.473" level="INFO">Typing text 'tamara' into text field 'id:id_name'.</msg>
<status status="PASS" starttime="20220529 22:25:36.472" endtime="20220529 22:25:36.624"/>
</kw>
<kw name="Input Text" library="SeleniumLibrary">
<arg>id:id_email</arg>
<arg>${email}</arg>
<doc>Types the given ``text`` into the text field identified by ``locator``.</doc>
<msg timestamp="20220529 22:25:36.625" level="INFO">Typing text 'tamara@finki.mk' into text field 'id:id_email'.</msg>
<status status="PASS" starttime="20220529 22:25:36.625" endtime="20220529 22:25:36.758"/>
</kw>
<kw name="Input Text" library="SeleniumLibrary">
<arg>id:id_username</arg>
<arg>${username}</arg>
<doc>Types the given ``text`` into the text field identified by ``locator``.</doc>
<msg timestamp="20220529 22:25:36.759" level="INFO">Typing text 'taamarastanikevska' into text field 'id:id_username'.</msg>
<status status="PASS" starttime="20220529 22:25:36.758" endtime="20220529 22:25:36.933"/>
</kw>
<kw name="Input Text" library="SeleniumLibrary">
<arg>id:id_password1</arg>
<arg>${password}</arg>
<doc>Types the given ``text`` into the text field identified by ``locator``.</doc>
<msg timestamp="20220529 22:25:36.934" level="INFO">Typing text 'robot2022' into text field 'id:id_password1'.</msg>
<status status="PASS" starttime="20220529 22:25:36.933" endtime="20220529 22:25:37.098"/>
</kw>
<kw name="Input Text" library="SeleniumLibrary">
<arg>id:id_password2</arg>
<arg>${password}</arg>
<doc>Types the given ``text`` into the text field identified by ``locator``.</doc>
<msg timestamp="20220529 22:25:37.100" level="INFO">Typing text 'robot2022' into text field 'id:id_password2'.</msg>
<status status="PASS" starttime="20220529 22:25:37.099" endtime="20220529 22:25:37.221"/>
</kw>
<kw name="Submit Form" library="SeleniumLibrary">
<arg>id:registerForm</arg>
<doc>Submits a form identified by ``locator``.</doc>
<msg timestamp="20220529 22:25:37.222" level="INFO">Submitting form 'id:registerForm'.</msg>
<status status="PASS" starttime="20220529 22:25:37.222" endtime="20220529 22:25:37.422"/>
</kw>
<status status="PASS" starttime="20220529 22:25:34.562" endtime="20220529 22:25:37.423"/>
</kw>
<kw name="LogInUser">
<kw name="Open Browser" library="SeleniumLibrary">
<arg>${login-url}</arg>
<arg>${browser}</arg>
<doc>Opens a new browser instance to the optional ``url``.</doc>
<msg timestamp="20220529 22:25:37.429" level="INFO">Opening browser 'Chrome' to base url 'http://127.0.0.1:8000/login'.</msg>
<status status="PASS" starttime="20220529 22:25:37.428" endtime="20220529 22:25:39.378"/>
</kw>
<kw name="Input Text" library="SeleniumLibrary">
<arg>id:id_username</arg>
<arg>${username}</arg>
<doc>Types the given ``text`` into the text field identified by ``locator``.</doc>
<msg timestamp="20220529 22:25:39.379" level="INFO">Typing text 'taamarastanikevska' into text field 'id:id_username'.</msg>
<status status="PASS" starttime="20220529 22:25:39.379" endtime="20220529 22:25:39.542"/>
</kw>
<kw name="Input Text" library="SeleniumLibrary">
<arg>id:id_password</arg>
<arg>${password}</arg>
<doc>Types the given ``text`` into the text field identified by ``locator``.</doc>
<msg timestamp="20220529 22:25:39.543" level="INFO">Typing text 'robot2022' into text field 'id:id_password'.</msg>
<status status="PASS" starttime="20220529 22:25:39.542" endtime="20220529 22:25:39.707"/>
</kw>
<kw name="Submit Form" library="SeleniumLibrary">
<arg>id:loginForm</arg>
<doc>Submits a form identified by ``locator``.</doc>
<msg timestamp="20220529 22:25:39.708" level="INFO">Submitting form 'id:loginForm'.</msg>
<status status="PASS" starttime="20220529 22:25:39.707" endtime="20220529 22:25:41.420"/>
</kw>
<status status="PASS" starttime="20220529 22:25:37.427" endtime="20220529 22:25:41.420"/>
</kw>
<kw name="Get Location" library="SeleniumLibrary">
<var>${current-url}</var>
<doc>Returns the current browser window URL.</doc>
<msg timestamp="20220529 22:25:41.463" level="INFO">${current-url} = http://127.0.0.1:8000/</msg>
<status status="PASS" starttime="20220529 22:25:41.450" endtime="20220529 22:25:41.463"/>
</kw>
<kw name="Should Be Equal" library="BuiltIn">
<arg>${url}</arg>
<arg>${current-url}</arg>
<doc>Fails if the given objects are unequal.</doc>
<status status="PASS" starttime="20220529 22:25:41.467" endtime="20220529 22:25:41.468"/>
</kw>
<kw name="Close All Browsers" library="SeleniumLibrary">
<doc>Closes all open browsers and resets the browser cache.</doc>
<status status="PASS" starttime="20220529 22:25:41.469" endtime="20220529 22:25:48.877"/>
</kw>
[...]
<status status="PASS" starttime="20220529 22:25:53.048" endtime="20220529 22:25:55.025"/>
</kw>
<kw name="Input Text" library="SeleniumLibrary">
<arg>id:id_username</arg>
<arg>${username}</arg>
<doc>Types the given ``text`` into the text field identified by ``locator``.</doc>
<msg timestamp="20220529 22:25:55.026" level="INFO">Typing text 'taamarastanikevska' into text field 'id:id_username'.</msg>
<status status="PASS" starttime="20220529 22:25:55.026" endtime="20220529 22:25:55.168"/>
</kw>
<kw name="Input Text" library="SeleniumLibrary">
<arg>id:id_password</arg>
<arg>${password}</arg>
<doc>Types the given ``text`` into the text field identified by ``locator``.</doc>
<msg timestamp="20220529 22:25:55.169" level="INFO">Typing text 'robot2022' into text field 'id:id_password'.</msg>
<status status="PASS" starttime="20220529 22:25:55.168" endtime="20220529 22:25:55.301"/>
</kw>
<kw name="Submit Form" library="SeleniumLibrary">
<arg>id:loginForm</arg>
<doc>Submits a form identified by ``locator``.</doc>
<msg timestamp="20220529 22:25:55.302" level="INFO">Submitting form 'id:loginForm'.</msg>
<status status="PASS" starttime="20220529 22:25:55.302" endtime="20220529 22:25:56.887"/>
</kw>
<status status="PASS" starttime="20220529 22:25:53.046" endtime="20220529 22:25:56.888"/>
</kw>
<kw name="AddBookToCart">
<kw name="Click Element" library="SeleniumLibrary">
<arg>id:addTocart</arg>
<doc>Click the element identified by ``locator``.</doc>
<msg timestamp="20220529 22:25:56.902" level="INFO">Clicking element 'id:addTocart'.</msg>
<status status="PASS" starttime="20220529 22:25:56.901" endtime="20220529 22:25:57.485"/>
</kw>
<status status="PASS" starttime="20220529 22:25:56.901" endtime="20220529 22:25:57.485"/>
</kw>
<kw name="OpenShoppingCart">
<kw name="Click Element" library="SeleniumLibrary">
<arg>id:shoppingCart</arg>
<doc>Click the element identified by ``locator``.</doc>
<msg timestamp="20220529 22:25:57.487" level="INFO">Clicking element 'id:shoppingCart'.</msg>
<status status="PASS" starttime="20220529 22:25:57.487" endtime="20220529 22:25:57.751"/>
</kw>
<status status="PASS" starttime="20220529 22:25:57.486" endtime="20220529 22:25:57.752"/>
</kw>
<kw name="ProceedToCheckout">
<kw name="Click Element" library="SeleniumLibrary">
<arg>link:Proceed to Checkout</arg>
<doc>Click the element identified by ``locator``.</doc>
<msg timestamp="20220529 22:25:57.771" level="INFO">Clicking element 'link:Proceed to Checkout'.</msg>
<status status="PASS" starttime="20220529 22:25:57.771" endtime="20220529 22:25:58.784"/>
</kw>
<status status="PASS" starttime="20220529 22:25:57.769" endtime="20220529 22:25:58.784"/>
</kw>
<kw name="Get Location" library="SeleniumLibrary">
<var>${current-url}</var>
<doc>Returns the current browser window URL.</doc>
<msg timestamp="20220529 22:25:58.800" level="INFO">${current-url} = http://127.0.0.1:8000/order/shipping/</msg>
<status status="PASS" starttime="20220529 22:25:58.792" endtime="20220529 22:25:58.800"/>
</kw>
<kw name="Should Be Equal" library="BuiltIn">
<arg>${order-url}</arg>
<arg>${current-url}</arg>
<doc>Fails if the given objects are unequal.</doc>
<status status="PASS" starttime="20220529 22:25:58.801" endtime="20220529 22:25:58.802"/>
</kw>
<kw name="Close All Browsers" library="SeleniumLibrary">
<doc>Closes all open browsers and resets the browser cache.</doc>
<status status="PASS" starttime="20220529 22:25:58.802" endtime="20220529 22:26:06.346"/>
</kw>
<doc>Check if user is redirected to order page</doc>
<tag>state-transition</tag>
<tag>tamara</tag>
<tag>team-project</tag>
<status status="PASS" starttime="20220529 22:25:48.879" endtime="20220529 22:26:06.349"/>
</test>
<test id="s1-s4-t6" name="ProceedCheckoutWhenCartEmptyTest">
<kw name="CreateDriver">
<kw name="Create Webdriver" library="SeleniumLibrary">
<arg>${browser}</arg>
<arg>executable_path=chromedriver.exe</arg>
<doc>Creates an instance of Selenium WebDriver.</doc>
<msg timestamp="20220529 22:26:06.363" level="INFO">Creating an instance of the Chrome WebDriver.</msg>
<status status="PASS" starttime="20220529 22:26:06.362" endtime="20220529 22:26:07.623"/>
</kw>
<status status="PASS" starttime="20220529 22:26:06.359" endtime="20220529 22:26:07.624"/>
</kw>
<kw name="RegisterUser">
<kw name="Open Browser" library="SeleniumLibrary">
<arg>${register-url}</arg>
<arg>${browser}</arg>
<doc>Opens a new browser instance to the optional ``url``.</doc>
<msg timestamp="20220529 22:26:07.632" level="INFO">Opening browser 'Chrome' to base url 'http://127.0.0.1:8000/registration'.</msg>
<status status="PASS" starttime="20220529 22:26:07.631" endtime="20220529 22:26:09.515"/>
</kw>
<kw name="Input Text" library="SeleniumLibrary">
<arg>id:id_name</arg>
<arg>${name}</arg>
<doc>Types the given ``text`` into the text field identified by ``locator``.</doc>
<msg timestamp="20220529 22:26:09.515" level="INFO">Typing text 'tamara' into text field 'id:id_name'.</msg>
<status status="PASS" starttime="20220529 22:26:09.515" endtime="20220529 22:26:09.660"/>
</kw>
<kw name="Input Text" library="SeleniumLibrary">
<arg>id:id_email</arg>
<arg>${email}</arg>
<doc>Types the given ``text`` into the text field identified by ``locator``.</doc>
<msg timestamp="20220529 22:26:09.660" level="INFO">Typing text 'tamara@finki.mk' into text field 'id:id_email'.</msg>
<status status="PASS" starttime="20220529 22:26:09.660" endtime="20220529 22:26:09.800"/>
</kw>
<kw name="Input Text" library="SeleniumLibrary">
<arg>id:id_username</arg>
<arg>${username}</arg>
<doc>Types the given ``text`` into the text field identified by ``locator``.</doc>
<msg timestamp="20220529 22:26:09.801" level="INFO">Typing text 'taamarastanikevska' into text field 'id:id_username'.</msg>
<status status="PASS" starttime="20220529 22:26:09.801" endtime="20220529 22:26:09.972"/>
</kw>
<kw name="Input Text" library="SeleniumLibrary">
<arg>id:id_password1</arg>
<arg>${password}</arg>
<doc>Types the given ``text`` into the text field identified by ``locator``.</doc>
<msg timestamp="20220529 22:26:09.973" level="INFO">Typing text 'robot2022' into text field 'id:id_password1'.</msg>
<status status="PASS" starttime="20220529 22:26:09.972" endtime="20220529 22:26:10.134"/>
</kw>
<kw name="Input Text" library="SeleniumLibrary">
<arg>id:id_password2</arg>
<arg>${password}</arg>
<doc>Types the given ``text`` into the text field identified by ``locator``.</doc>
<msg timestamp="20220529 22:26:10.135" level="INFO">Typing text 'robot2022' into text field 'id:id_password2'.</msg>
<status status="PASS" starttime="20220529 22:26:10.134" endtime="20220529 22:26:10.270"/>
</kw>
<kw name="Submit Form" library="SeleniumLibrary">
<arg>id:registerForm</arg>
<doc>Submits a form identified by ``locator``.</doc>
<msg timestamp="20220529 22:26:10.271" level="INFO">Submitting form 'id:registerForm'.</msg>
<status status="PASS" starttime="20220529 22:26:10.270" endtime="20220529 22:26:10.475"/>
</kw>
<status status="PASS" starttime="20220529 22:26:07.630" endtime="20220529 22:26:10.476"/>
</kw>
<kw name="LogInUser">
<kw name="Open Browser" library="SeleniumLibrary">
<arg>${login-url}</arg>
<arg>${browser}</arg>
<doc>Opens a new browser instance to the optional ``url``.</doc>
<msg timestamp="20220529 22:26:10.480" level="INFO">Opening browser 'Chrome' to base url 'http://127.0.0.1:8000/login'.</msg>
<status status="PASS" starttime="20220529 22:26:10.479" endtime="20220529 22:26:12.573"/>
</kw>
<kw name="Input Text" library="SeleniumLibrary">
<arg>id:id_username</arg>
<arg>${username}</arg>
<doc>Types the given ``text`` into the text field identified by ``locator``.</doc>
<msg timestamp="20220529 22:26:12.573" level="INFO">Typing text 'taamarastanikevska' into text field 'id:id_username'.</msg>
<status status="PASS" starttime="20220529 22:26:12.573" endtime="20220529 22:26:12.721"/>
</kw>
<kw name="Input Text" library="SeleniumLibrary">
<arg>id:id_password</arg>
<arg>${password}</arg>
<doc>Types the given ``text`` into the text field identified by ``locator``.</doc>
<msg timestamp="20220529 22:26:12.722" level="INFO">Typing text 'robot2022' into text field 'id:id_password'.</msg>
<status status="PASS" starttime="20220529 22:26:12.722" endtime="20220529 22:26:12.861"/>
</kw>
<kw name="Submit Form" library="SeleniumLibrary">
<arg>id:loginForm</arg>
<doc>Submits a form identified by ``locator``.</doc>
<msg timestamp="20220529 22:26:12.862" level="INFO">Submitting form 'id:loginForm'.</msg>
<status status="PASS" starttime="20220529 22:26:12.862" endtime="20220529 22:26:14.480"/>
</kw>
<status status="PASS" starttime="20220529 22:26:10.477" endtime="20220529 22:26:14.480"/>
</kw>
<kw name="OpenShoppingCart">
<kw name="Click Element" library="SeleniumLibrary">
<arg>id:shoppingCart</arg>
<doc>Click the element identified by ``locator``.</doc>
<msg timestamp="20220529 22:26:14.482" level="INFO">Clicking element 'id:shoppingCart'.</msg>
<status status="PASS" starttime="20220529 22:26:14.482" endtime="20220529 22:26:15.239"/>
</kw>
<status status="PASS" starttime="20220529 22:26:14.481" endtime="20220529 22:26:15.239"/>
</kw>
<kw name="ProceedToCheckout">
<kw name="Click Element" library="SeleniumLibrary">
<arg>link:Proceed to Checkout</arg>
<doc>Click the element identified by ``locator``.</doc>
<msg timestamp="20220529 22:26:15.299" level="INFO">Clicking element 'link:Proceed to Checkout'.</msg>
<status status="PASS" starttime="20220529 22:26:15.299" endtime="20220529 22:26:16.150"/>
</kw>
<status status="PASS" starttime="20220529 22:26:15.298" endtime="20220529 22:26:16.151"/>
</kw>
<kw name="Get Location" library="SeleniumLibrary">
<var>${current-url}</var>
<doc>Returns the current browser window URL.</doc>
<msg timestamp="20220529 22:26:16.164" level="INFO">${current-url} = http://127.0.0.1:8000/books</msg>
<status status="PASS" starttime="20220529 22:26:16.156" endtime="20220529 22:26:16.164"/>
</kw>
<kw name="Should Be Equal" library="BuiltIn">
<arg>${books-url}</arg>
<arg>${current-url}</arg>
<doc>Fails if the given objects are unequal.</doc>
<status status="PASS" starttime="20220529 22:26:16.164" endtime="20220529 22:26:16.165"/>
</kw>
<kw name="Close All Browsers" library="SeleniumLibrary">
<doc>Closes all open browsers and resets the browser cache.</doc>
<status status="PASS" starttime="20220529 22:26:16.165" endtime="20220529 22:26:23.893"/>
</kw>
<doc>Check if user is redirected to books page</doc>
<tag>state-transition</tag>
<tag>tamara</tag>
<tag>team-project</tag>
<status status="PASS" starttime="20220529 22:26:06.356" endtime="20220529 22:26:23.894"/>
</test>
<test id="s1-s4-t7" name="ProceedCheckoutWhenCartNotEmptyTest">
<kw name="CreateDriver">
<kw name="Create Webdriver" library="SeleniumLibrary">
<arg>${browser}</arg>
<arg>executable_path=chromedriver.exe</arg>
<doc>Creates an instance of Selenium WebDriver.</doc>
<msg timestamp="20220529 22:26:23.903" level="INFO">Creating an instance of the Chrome WebDriver.</msg>
<status status="PASS" starttime="20220529 22:26:23.903" endtime="20220529 22:26:25.298"/>
</kw>
<status status="PASS" starttime="20220529 22:26:23.902" endtime="20220529 22:26:25.299"/>
</kw>
<kw name="RegisterUser">
<kw name="Open Browser" library="SeleniumLibrary">
<arg>${register-url}</arg>
<arg>${browser}</arg>
<doc>Opens a new browser instance to the optional ``url``.</doc>
<msg timestamp="20220529 22:26:25.308" level="INFO">Opening browser 'Chrome' to base url 'http://127.0.0.1:8000/registration'.</msg>
<status status="PASS" starttime="20220529 22:26:25.307" endtime="20220529 22:26:27.266"/>
</kw>
<kw name="Input Text" library="SeleniumLibrary">
<arg>id:id_name</arg>
<arg>${name}</arg>
<doc>Types the given ``text`` into the text field identified by ``locator``.</doc>
<msg timestamp="20220529 22:26:27.266" level="INFO">Typing text 'tamara' into text field 'id:id_name'.</msg>
<status status="PASS" starttime="20220529 22:26:27.266" endtime="20220529 22:26:27.417"/>
</kw>
<kw name="Input Text" library="SeleniumLibrary">
<arg>id:id_email</arg>
<arg>${email}</arg>
<doc>Types the given ``text`` into the text field identified by ``locator``.</doc>
<msg timestamp="20220529 22:26:27.418" level="INFO">Typing text 'tamara@finki.mk' into text field 'id:id_email'.</msg>
<status status="PASS" starttime="20220529 22:26:27.418" endtime="20220529 22:26:27.555"/>
</kw>
<kw name="Input Text" library="SeleniumLibrary">
<arg>id:id_username</arg>
<arg>${username}</arg>
<doc>Types the given ``text`` into the text field identified by ``locator``.</doc>
<msg timestamp="20220529 22:26:27.556" level="INFO">Typing text 'taamarastanikevska' into text field 'id:id_username'.</msg>
<status status="PASS" starttime="20220529 22:26:27.555" endtime="20220529 22:26:27.736"/>
</kw>
<kw name="Input Text" library="SeleniumLibrary">
<arg>id:id_password1</arg>
<arg>${password}</arg>
<doc>Types the given ``text`` into the text field identified by ``locator``.</doc>
<msg timestamp="20220529 22:26:27.739" level="INFO">Typing text 'robot2022' into text field 'id:id_password1'.</msg>
<status status="PASS" starttime="20220529 22:26:27.738" endtime="20220529 22:26:27.900"/>
</kw>
<kw name="Input Text" library="SeleniumLibrary">
<arg>id:id_password2</arg>
<arg>${password}</arg>
<doc>Types the given ``text`` into the text field identified by ``locator``.</doc>
<msg timestamp="20220529 22:26:27.900" level="INFO">Typing text 'robot2022' into text field 'id:id_password2'.</msg>
<status status="PASS" starttime="20220529 22:26:27.900" endtime="20220529 22:26:28.010"/>
</kw>
<kw name="Submit Form" library="SeleniumLibrary">
<arg>id:registerForm</arg>
<doc>Submits a form identified by ``locator``.</doc>
<msg timestamp="20220529 22:26:28.011" level="INFO">Submitting form 'id:registerForm'.</msg>
<status status="PASS" starttime="20220529 22:26:28.010" endtime="20220529 22:26:28.232"/>
</kw>
<status status="PASS" starttime="20220529 22:26:25.306" endtime="20220529 22:26:28.232"/>
</kw>
<kw name="LogInUser">
<kw name="Open Browser" library="SeleniumLibrary">
<arg>${login-url}</arg>
<arg>${browser}</arg>
<doc>Opens a new browser instance to the optional ``url``.</doc>
<msg timestamp="20220529 22:26:28.234" level="INFO">Opening browser 'Chrome' to base url 'http://127.0.0.1:8000/login'.</msg>
<status status="PASS" starttime="20220529 22:26:28.233" endtime="20220529 22:26:30.274"/>
</kw>
<kw name="Input Text" library="SeleniumLibrary">
<arg>id:id_username</arg>
<arg>${username}</arg>
<doc>Types the given ``text`` into the text field identified by ``locator``.</doc>
<msg timestamp="20220529 22:26:30.276" level="INFO">Typing text 'taamarastanikevska' into text field 'id:id_username'.</msg>
<status status="PASS" starttime="20220529 22:26:30.275" endtime="20220529 22:26:30.456"/>
</kw>
<kw name="Input Text" library="SeleniumLibrary">
<arg>id:id_password</arg>
<arg>${password}</arg>
<doc>Types the given ``text`` into the text field identified by ``locator``.</doc>
<msg timestamp="20220529 22:26:30.457" level="INFO">Typing text 'robot2022' into text field 'id:id_password'.</msg>
<status status="PASS" starttime="20220529 22:26:30.456" endtime="20220529 22:26:30.601"/>
</kw>
<kw name="Submit Form" library="SeleniumLibrary">
<arg>id:loginForm</arg>
<doc>Submits a form identified by ``locator``.</doc>
<msg timestamp="20220529 22:26:30.602" level="INFO">Submitting form 'id:loginForm'.</msg>
<status status="PASS" starttime="20220529 22:26:30.601" endtime="20220529 22:26:32.160"/>
</kw>
<status status="PASS" starttime="20220529 22:26:28.232" endtime="20220529 22:26:32.161"/>
</kw>
<kw name="AddBookToCart">
<kw name="Click Element" library="SeleniumLibrary">
<arg>id:addTocart</arg>
<doc>Click the element identified by ``locator``.</doc>
<msg timestamp="20220529 22:26:32.164" level="INFO">Clicking element 'id:addTocart'.</msg>
<status status="PASS" starttime="20220529 22:26:32.163" endtime="20220529 22:26:32.788"/>
</kw>
<status status="PASS" starttime="20220529 22:26:32.162" endtime="20220529 22:26:32.789"/>
</kw>
<kw name="OpenShoppingCart">
<kw name="Click Element" library="SeleniumLibrary">
<arg>id:shoppingCart</arg>
<doc>Click the element identified by ``locator``.</doc>
<msg timestamp="20220529 22:26:32.791" level="INFO">Clicking element 'id:shoppingCart'.</msg>
<status status="PASS" starttime="20220529 22:26:32.790" endtime="20220529 22:26:33.054"/>
</kw>
<status status="PASS" starttime="20220529 22:26:32.790" endtime="20220529 22:26:33.056"/>
</kw>
<kw name="ProceedToCheckout">
<kw name="Click Element" library="SeleniumLibrary">
<arg>link:Proceed to Checkout</arg>
<doc>Click the element identified by ``locator``.</doc>
<msg timestamp="20220529 22:26:33.062" level="INFO">Clicking element 'link:Proceed to Checkout'.</msg>
<status status="PASS" starttime="20220529 22:26:33.061" endtime="20220529 22:26:34.112"/>
</kw>
<status status="PASS" starttime="20220529 22:26:33.060" endtime="20220529 22:26:34.112"/>
</kw>
<kw name="Get Location" library="SeleniumLibrary">
<var>${current-url}</var>
<doc>Returns the current browser window URL.</doc>
<msg timestamp="20220529 22:26:34.126" level="INFO">${current-url} = http://127.0.0.1:8000/order/shipping/</msg>
<status status="PASS" starttime="20220529 22:26:34.113" endtime="20220529 22:26:34.126"/>
</kw>
<kw name="Should Be Equal" library="BuiltIn">
<arg>${order-url}</arg>
<arg>${current-url}</arg>
<doc>Fails if the given objects are unequal.</doc>
<status status="PASS" starttime="20220529 22:26:34.126" endtime="20220529 22:26:34.127"/>
</kw>
<kw name="Close All Browsers" library="SeleniumLibrary">
<doc>Closes all open browsers and resets the browser cache.</doc>
<status status="PASS" starttime="20220529 22:26:34.134" endtime="20220529 22:26:42.491"/>
</kw>
<doc>Check if user is redirected to order page</doc>
<tag>state-transition</tag>
<tag>tamara</tag>
<tag>team-project</tag>
<status status="PASS" starttime="20220529 22:26:23.899" endtime="20220529 22:26:42.493"/>
</test>
<status status="PASS" starttime="20220529 22:25:05.392" endtime="20220529 22:26:42.502"/>
</suite>
<status status="PASS" starttime="20220529 22:22:19.914" endtime="20220529 22:26:42.523"/>
</suite>
<statistics>
<total>
<stat pass="22" fail="0" skip="0">All Tests</stat>
</total>
<tag>
<stat pass="1" fail="0" skip="0">boundary</stat>
<stat pass="4" fail="0" skip="0">decision</stat>
<stat pass="10" fail="0" skip="0">end-user</stat>
<stat pass="7" fail="0" skip="0">state-transition</stat>
<stat pass="22" fail="0" skip="0">tamara</stat>
<stat pass="22" fail="0" skip="0">team-project</stat>
</tag>
<suite>
<stat pass="22" fail="0" skip="0" id="s1" name="Boundary Tests &amp; Decision Tests &amp; End User Tests &amp; State Transition Tests">Boundary Tests &amp; Decision Tests &amp; End User Tests &amp; State Transition Tests</stat>
<stat pass="1" fail="0" skip="0" id="s1-s1" name="Boundary Tests">Boundary Tests &amp; Decision Tests &amp; End User Tests &amp; State Transition Tests.Boundary Tests</stat>
<stat pass="4" fail="0" skip="0" id="s1-s2" name="Decision Tests">Boundary Tests &amp; Decision Tests &amp; End User Tests &amp; State Transition Tests.Decision Tests</stat>
<stat pass="10" fail="0" skip="0" id="s1-s3" name="End User Tests">Boundary Tests &amp; Decision Tests &amp; End User Tests &amp; State Transition Tests.End User Tests</stat>
<stat pass="7" fail="0" skip="0" id="s1-s4" name="State Transition Tests">Boundary Tests &amp; Decision Tests &amp; End User Tests &amp; State Transition Tests.State Transition Tests</stat>
</suite>
</statistics>
<errors>
</errors>
</robot>
